Using pre-set license
Built from '2020.3/release' branch; Version is '2020.3.34f1 (9a4c9c70452b) revision 10112156'; Using compiler version '192528614'; Build Type 'Release'
OS: 'Windows 10  (10.0.19044) 64bit Core' Language: 'fr' Physical Memory: 6044 MB
BatchMode: 1, IsHumanControllingUs: 0, StartBugReporterOnCrash: 0, Is64bit: 1, IsPro: 0

COMMAND LINE ARGUMENTS:
C:\Program Files\Unity\Hub\Editor\2020.3.34f1\Editor\Unity.exe
-adb2
-batchMode
-noUpm
-name
AssetImportWorker0
-projectPath
E:/Documents/1-Travail/Unity/git_projet3
-logFile
Logs/AssetImportWorker0.log
-srvPort
51101
Successfully changed project path to: E:/Documents/1-Travail/Unity/git_projet3
E:/Documents/1-Travail/Unity/git_projet3
Using Asset Import Pipeline V2.
Refreshing native plugins compatible for Editor in 63.24 ms, found 3 plugins.
Preloading 0 native plugins for Editor in 0.00 ms.
Initialize engine version: 2020.3.34f1 (9a4c9c70452b)
[Subsystems] Discovering subsystems at path C:/Program Files/Unity/Hub/Editor/2020.3.34f1/Editor/Data/Resources/UnitySubsystems
[Subsystems] Discovering subsystems at path E:/Documents/1-Travail/Unity/git_projet3/Assets
GfxDevice: creating device client; threaded=0
Direct3D:
    Version:  Direct3D 11.0 [level 11.0]
    Renderer: NVIDIA GeForce 920MX (ID=0x134f)
    Vendor:   
    VRAM:     2020 MB
    Driver:   22.21.13.8264
Initialize mono
Mono path[0] = 'C:/Program Files/Unity/Hub/Editor/2020.3.34f1/Editor/Data/Managed'
Mono path[1] = 'C:/Program Files/Unity/Hub/Editor/2020.3.34f1/Editor/Data/MonoBleedingEdge/lib/mono/unityjit'
Mono config path = 'C:/Program Files/Unity/Hub/Editor/2020.3.34f1/Editor/Data/MonoBleedingEdge/etc'
Using monoOptions --debugger-agent=transport=dt_socket,embedding=1,server=y,suspend=n,address=127.0.0.1:56992
Begin MonoManager ReloadAssembly
Registering precompiled unity dll's ...
Register platform support module: C:/Program Files/Unity/Hub/Editor/2020.3.34f1/Editor/Data/PlaybackEngines/WindowsStandaloneSupport/UnityEditor.WindowsStandalone.Extensions.dll
Registered in 0.006160 seconds.
Native extension for WindowsStandalone target not found
Refreshing native plugins compatible for Editor in 55.71 ms, found 3 plugins.
Preloading 0 native plugins for Editor in 0.00 ms.
Mono: successfully reloaded assembly
- Completed reload, in  0.990 seconds
Domain Reload Profiling:
	ReloadAssembly (991ms)
		BeginReloadAssembly (144ms)
			ExecutionOrderSort (0ms)
			DisableScriptedObjects (0ms)
			BackupInstance (0ms)
			ReleaseScriptingObjects (0ms)
			CreateAndSetChildDomain (1ms)
		EndReloadAssembly (758ms)
			LoadAssemblies (142ms)
			RebuildTransferFunctionScriptingTraits (0ms)
			SetupTypeCache (175ms)
			ReleaseScriptCaches (0ms)
			RebuildScriptCaches (39ms)
			SetupLoadedEditorAssemblies (426ms)
				LogAssemblyErrors (0ms)
				InitializePlatformSupportModulesInManaged (5ms)
				SetLoadedEditorAssemblies (1ms)
				RefreshPlugins (56ms)
				BeforeProcessingInitializeOnLoad (18ms)
				ProcessInitializeOnLoadAttributes (98ms)
				ProcessInitializeOnLoadMethodAttributes (248ms)
				AfterProcessingInitializeOnLoad (0ms)
				EditorAssembliesLoaded (0ms)
			ExecutionOrderSort2 (0ms)
			AwakeInstancesAfterBackupRestoration (0ms)
Platform modules already initialized, skipping
Registering precompiled user dll's ...
Registered in 0.087727 seconds.
Begin MonoManager ReloadAssembly
Native extension for WindowsStandalone target not found
Refreshing native plugins compatible for Editor in 66.54 ms, found 3 plugins.
Preloading 0 native plugins for Editor in 0.00 ms.
Mono: successfully reloaded assembly
- Completed reload, in  2.468 seconds
Domain Reload Profiling:
	ReloadAssembly (2469ms)
		BeginReloadAssembly (283ms)
			ExecutionOrderSort (0ms)
			DisableScriptedObjects (5ms)
			BackupInstance (0ms)
			ReleaseScriptingObjects (0ms)
			CreateAndSetChildDomain (23ms)
		EndReloadAssembly (2115ms)
			LoadAssemblies (1081ms)
			RebuildTransferFunctionScriptingTraits (0ms)
			SetupTypeCache (356ms)
			ReleaseScriptCaches (1ms)
			RebuildScriptCaches (56ms)
			SetupLoadedEditorAssemblies (579ms)
				LogAssemblyErrors (0ms)
				InitializePlatformSupportModulesInManaged (5ms)
				SetLoadedEditorAssemblies (0ms)
				RefreshPlugins (67ms)
				BeforeProcessingInitializeOnLoad (107ms)
				ProcessInitializeOnLoadAttributes (326ms)
				ProcessInitializeOnLoadMethodAttributes (66ms)
				AfterProcessingInitializeOnLoad (8ms)
				EditorAssembliesLoaded (0ms)
			ExecutionOrderSort2 (0ms)
			AwakeInstancesAfterBackupRestoration (2ms)
Platform modules already initialized, skipping
========================================================================
Worker process is ready to serve import requests
Launched and connected shader compiler UnityShaderCompiler.exe after 0.15 seconds
Refreshing native plugins compatible for Editor in 1.45 ms, found 3 plugins.
Preloading 0 native plugins for Editor in 0.00 ms.
Unloading 2227 Unused Serialized files (Serialized files now loaded: 0)
System memory in use before: 99.6 MB.
System memory in use after: 99.5 MB.

Unloading 31 unused Assets to reduce memory usage. Loaded Objects now: 2659.
Total: 7.377400 ms (FindLiveObjects: 0.266300 ms CreateObjectMapping: 0.177200 ms MarkObjects: 6.534300 ms  DeleteObjects: 0.397700 ms)

AssetImportParameters requested are different than current active one (requested -> active):
  custom:framework-win-MediaFoundation: 216162199b28c13a410421893ffa2e32 -> 
  custom:video-decoder-ogg-theora: a1e56fd34408186e4bbccfd4996cb3dc -> 
  custom:container-muxer-webm: aa71ff27fc2769a1b78a27578f13a17b -> 
  custom:container-demuxer-webm: 4f35f7cbe854078d1ac9338744f61a02 -> 
  custom:container-demuxer-ogg: 62fdf1f143b41e24485cea50d1cbac27 -> 
  custom:video-encoder-webm-vp8: eb34c28f22e8b96e1ab97ce403110664 -> 
  custom:video-decoder-webm-vp8: 9c59270c3fd7afecdb556c50c9e8de78 -> 
  custom:audio-decoder-ogg-vorbis: bf7c407c2cedff20999df2af8eb42d56 -> 
  custom:audio-encoder-webm-vorbis: bf7c407c2cedff20999df2af8eb42d56 -> 
========================================================================
Received Import Request.
  path: Assets/MainMenu/Space Loop video.mp4
  artifactKey: Guid(3c9574b4a5c69d8469a922129378bd1b) Importer(815301076,1909f56bfc062723c751e8b465ee728b)
Start importing Assets/MainMenu/Space Loop video.mp4 using Guid(3c9574b4a5c69d8469a922129378bd1b) Importer(815301076,1909f56bfc062723c751e8b465ee728b)  -> (artifact id: '39a209ca90aa5653c86a80d69b667325') in 0.069954 seconds 
========================================================================
Received Import Request.
  Time since last request: 39.961796 seconds.
  path: Assets/AppleCatcher/apple_prefab.prefab
  artifactKey: Guid(9aabd66b935dafa4db90f120f878d401) Importer(815301076,1909f56bfc062723c751e8b465ee728b)
Start importing Assets/AppleCatcher/apple_prefab.prefab using Guid(9aabd66b935dafa4db90f120f878d401) Importer(815301076,1909f56bfc062723c751e8b465ee728b)  -> (artifact id: '0b298ca840363d5a743a472cf87f1244') in 0.446775 seconds 
========================================================================
Received Import Request.
  Time since last request: 0.000381 seconds.
  path: Assets/AppleCatcher/Vie_prefab.prefab
  artifactKey: Guid(fa6cc0e47a05be3408de5698e1bfb668) Importer(815301076,1909f56bfc062723c751e8b465ee728b)
Start importing Assets/AppleCatcher/Vie_prefab.prefab using Guid(fa6cc0e47a05be3408de5698e1bfb668) Importer(815301076,1909f56bfc062723c751e8b465ee728b)  -> (artifact id: '73c900f3484dbe497f6b78d074b41d4f') in 0.077784 seconds 
========================================================================
Received Import Request.
  Time since last request: 0.000231 seconds.
  path: Assets/AppleCatcher/Vie_image.png
  artifactKey: Guid(0c128f71c8549ed4588420c435ccf420) Importer(815301076,1909f56bfc062723c751e8b465ee728b)
Start importing Assets/AppleCatcher/Vie_image.png using Guid(0c128f71c8549ed4588420c435ccf420) Importer(815301076,1909f56bfc062723c751e8b465ee728b)  -> (artifact id: '5820035f0a7d4c5320f942a2edf10add') in 0.056517 seconds 
========================================================================
Received Import Request.
  Time since last request: 67.543375 seconds.
  path: Assets/MainMenu/5053309.jpg
  artifactKey: Guid(e0c504b1d6d8a03418a85f46029a1175) Importer(815301076,1909f56bfc062723c751e8b465ee728b)
Start importing Assets/MainMenu/5053309.jpg using Guid(e0c504b1d6d8a03418a85f46029a1175) Importer(815301076,1909f56bfc062723c751e8b465ee728b)  -> (artifact id: 'a08f71bcecc6cc0dcefa67297aedee68') in 0.077931 seconds 
========================================================================
Received Import Request.
  Time since last request: 15.050343 seconds.
  path: Assets/MainMenu/Scene/MainMenu.unity
  artifactKey: Guid(4ace4216f4a4b1b4ea862f6c4f05ea2b) Importer(815301076,1909f56bfc062723c751e8b465ee728b)
Start importing Assets/MainMenu/Scene/MainMenu.unity using Guid(4ace4216f4a4b1b4ea862f6c4f05ea2b) Importer(815301076,1909f56bfc062723c751e8b465ee728b)  -> (artifact id: '022c2de6b643f898f44310c9c5615736') in 0.019847 seconds 
========================================================================
Received Import Request.
  Time since last request: 74.368930 seconds.
  path: Assets/MainMenu/Script
  artifactKey: Guid(0ab5c057f0304fc429d375b6826435b1) Importer(815301076,1909f56bfc062723c751e8b465ee728b)
Start importing Assets/MainMenu/Script using Guid(0ab5c057f0304fc429d375b6826435b1) Importer(815301076,1909f56bfc062723c751e8b465ee728b)  -> (artifact id: 'efa6ba2e515c86acf1a977be79db33b6') in 0.020781 seconds 
========================================================================
Received Import Request.
  Time since last request: 28.240834 seconds.
  path: Assets/MainMenu/Katana Cat (by Karameru).mp4
  artifactKey: Guid(2086bab8a60ce3249a88a5f5b1e0d85a) Importer(815301076,1909f56bfc062723c751e8b465ee728b)
Start importing Assets/MainMenu/Katana Cat (by Karameru).mp4 using Guid(2086bab8a60ce3249a88a5f5b1e0d85a) Importer(815301076,1909f56bfc062723c751e8b465ee728b)  -> (artifact id: 'b08667677b50dfe5a86c1444e40bef3a') in 0.019855 seconds 
========================================================================
Received Import Request.
  Time since last request: 205.105274 seconds.
  path: Assets/MainMenu/Katana_Cat.mp4
  artifactKey: Guid(be76325bcfb0f8149b0914097bfb88cd) Importer(815301076,1909f56bfc062723c751e8b465ee728b)
Start importing Assets/MainMenu/Katana_Cat.mp4 using Guid(be76325bcfb0f8149b0914097bfb88cd) Importer(815301076,1909f56bfc062723c751e8b465ee728b)  -> (artifact id: 'b0d63817879bb4e946909131630cc3b8') in 0.029029 seconds 
========================================================================
Received Prepare
Registering precompiled user dll's ...
Registered in 0.002931 seconds.
Begin MonoManager ReloadAssembly
Native extension for WindowsStandalone target not found
Refreshing native plugins compatible for Editor in 0.55 ms, found 3 plugins.
Preloading 0 native plugins for Editor in 0.00 ms.
Mono: successfully reloaded assembly
- Completed reload, in  1.204 seconds
Domain Reload Profiling:
	ReloadAssembly (1205ms)
		BeginReloadAssembly (153ms)
			ExecutionOrderSort (0ms)
			DisableScriptedObjects (7ms)
			BackupInstance (0ms)
			ReleaseScriptingObjects (0ms)
			CreateAndSetChildDomain (44ms)
		EndReloadAssembly (980ms)
			LoadAssemblies (127ms)
			RebuildTransferFunctionScriptingTraits (0ms)
			SetupTypeCache (340ms)
			ReleaseScriptCaches (1ms)
			RebuildScriptCaches (55ms)
			SetupLoadedEditorAssemblies (357ms)
				LogAssemblyErrors (0ms)
				InitializePlatformSupportModulesInManaged (5ms)
				SetLoadedEditorAssemblies (1ms)
				RefreshPlugins (1ms)
				BeforeProcessingInitializeOnLoad (99ms)
				ProcessInitializeOnLoadAttributes (225ms)
				ProcessInitializeOnLoadMethodAttributes (19ms)
				AfterProcessingInitializeOnLoad (8ms)
				EditorAssembliesLoaded (0ms)
			ExecutionOrderSort2 (0ms)
			AwakeInstancesAfterBackupRestoration (5ms)
Platform modules already initialized, skipping
Refreshing native plugins compatible for Editor in 2.28 ms, found 3 plugins.
Preloading 0 native plugins for Editor in 0.00 ms.
Unloading 2209 Unused Serialized files (Serialized files now loaded: 0)
System memory in use before: 101.3 MB.
System memory in use after: 101.2 MB.

Unloading 20 unused Assets to reduce memory usage. Loaded Objects now: 2674.
Total: 11.944700 ms (FindLiveObjects: 0.514800 ms CreateObjectMapping: 0.400400 ms MarkObjects: 10.640200 ms  DeleteObjects: 0.386300 ms)

AssetImportParameters requested are different than current active one (requested -> active):
  custom:framework-win-MediaFoundation: 216162199b28c13a410421893ffa2e32 -> 
  custom:video-decoder-ogg-theora: a1e56fd34408186e4bbccfd4996cb3dc -> 
  custom:container-muxer-webm: aa71ff27fc2769a1b78a27578f13a17b -> 
  custom:container-demuxer-webm: 4f35f7cbe854078d1ac9338744f61a02 -> 
  custom:container-demuxer-ogg: 62fdf1f143b41e24485cea50d1cbac27 -> 
  custom:video-encoder-webm-vp8: eb34c28f22e8b96e1ab97ce403110664 -> 
  custom:video-decoder-webm-vp8: 9c59270c3fd7afecdb556c50c9e8de78 -> 
  custom:audio-decoder-ogg-vorbis: bf7c407c2cedff20999df2af8eb42d56 -> 
  custom:audio-encoder-webm-vorbis: bf7c407c2cedff20999df2af8eb42d56 -> 
========================================================================
Received Import Request.
  Time since last request: 134.199990 seconds.
  path: Assets/New Scene.unity
  artifactKey: Guid(1b3d6bea99a41ba4f84d10ce7f854a45) Importer(815301076,1909f56bfc062723c751e8b465ee728b)
Start importing Assets/New Scene.unity using Guid(1b3d6bea99a41ba4f84d10ce7f854a45) Importer(815301076,1909f56bfc062723c751e8b465ee728b)  -> (artifact id: 'ad1a4ba5415731a67318eb96b354bf86') in 0.035424 seconds 
========================================================================
Received Import Request.
  Time since last request: 11.170798 seconds.
  path: Assets/Space Loop video.mp4
  artifactKey: Guid(2eb3d4a24f461634b8311dcaa99e119b) Importer(815301076,1909f56bfc062723c751e8b465ee728b)
Start importing Assets/Space Loop video.mp4 using Guid(2eb3d4a24f461634b8311dcaa99e119b) Importer(815301076,1909f56bfc062723c751e8b465ee728b)  -> (artifact id: '446d54e9d22f47cf50fbe3d4b0aaaccf') in 0.025215 seconds 
========================================================================
Received Prepare
Registering precompiled user dll's ...
Registered in 0.002638 seconds.
Begin MonoManager ReloadAssembly
Native extension for WindowsStandalone target not found
Refreshing native plugins compatible for Editor in 1.35 ms, found 3 plugins.
Preloading 0 native plugins for Editor in 0.00 ms.
Mono: successfully reloaded assembly
- Completed reload, in  1.395 seconds
Domain Reload Profiling:
	ReloadAssembly (1396ms)
		BeginReloadAssembly (144ms)
			ExecutionOrderSort (0ms)
			DisableScriptedObjects (8ms)
			BackupInstance (0ms)
			ReleaseScriptingObjects (0ms)
			CreateAndSetChildDomain (41ms)
		EndReloadAssembly (1179ms)
			LoadAssemblies (130ms)
			RebuildTransferFunctionScriptingTraits (0ms)
			SetupTypeCache (415ms)
			ReleaseScriptCaches (1ms)
			RebuildScriptCaches (72ms)
			SetupLoadedEditorAssemblies (414ms)
				LogAssemblyErrors (0ms)
				InitializePlatformSupportModulesInManaged (8ms)
				SetLoadedEditorAssemblies (1ms)
				RefreshPlugins (1ms)
				BeforeProcessingInitializeOnLoad (141ms)
				ProcessInitializeOnLoadAttributes (230ms)
				ProcessInitializeOnLoadMethodAttributes (21ms)
				AfterProcessingInitializeOnLoad (12ms)
				EditorAssembliesLoaded (0ms)
			ExecutionOrderSort2 (0ms)
			AwakeInstancesAfterBackupRestoration (7ms)
Platform modules already initialized, skipping
Refreshing native plugins compatible for Editor in 0.57 ms, found 3 plugins.
Preloading 0 native plugins for Editor in 0.00 ms.
Unloading 2209 Unused Serialized files (Serialized files now loaded: 0)
System memory in use before: 101.3 MB.
System memory in use after: 101.3 MB.

Unloading 20 unused Assets to reduce memory usage. Loaded Objects now: 2677.
Total: 3.662700 ms (FindLiveObjects: 0.204200 ms CreateObjectMapping: 0.093800 ms MarkObjects: 3.200000 ms  DeleteObjects: 0.163600 ms)

AssetImportParameters requested are different than current active one (requested -> active):
  custom:framework-win-MediaFoundation: 216162199b28c13a410421893ffa2e32 -> 
  custom:video-decoder-ogg-theora: a1e56fd34408186e4bbccfd4996cb3dc -> 
  custom:container-muxer-webm: aa71ff27fc2769a1b78a27578f13a17b -> 
  custom:container-demuxer-webm: 4f35f7cbe854078d1ac9338744f61a02 -> 
  custom:container-demuxer-ogg: 62fdf1f143b41e24485cea50d1cbac27 -> 
  custom:video-encoder-webm-vp8: eb34c28f22e8b96e1ab97ce403110664 -> 
  custom:video-decoder-webm-vp8: 9c59270c3fd7afecdb556c50c9e8de78 -> 
  custom:audio-decoder-ogg-vorbis: bf7c407c2cedff20999df2af8eb42d56 -> 
  custom:audio-encoder-webm-vorbis: bf7c407c2cedff20999df2af8eb42d56 -> 
========================================================================
Received Import Request.
  Time since last request: 31.432214 seconds.
  path: Assets/MainMenu/Scene/MainMenu.unity
  artifactKey: Guid(4ace4216f4a4b1b4ea862f6c4f05ea2b) Importer(815301076,1909f56bfc062723c751e8b465ee728b)
Start importing Assets/MainMenu/Scene/MainMenu.unity using Guid(4ace4216f4a4b1b4ea862f6c4f05ea2b) Importer(815301076,1909f56bfc062723c751e8b465ee728b)  -> (artifact id: '4c8bd42c4266026f0ce4a42dfa85849c') in 0.009419 seconds 
========================================================================
Received Import Request.
  Time since last request: 4.772967 seconds.
  path: Assets/New Scene.unity
  artifactKey: Guid(1b3d6bea99a41ba4f84d10ce7f854a45) Importer(815301076,1909f56bfc062723c751e8b465ee728b)
Start importing Assets/New Scene.unity using Guid(1b3d6bea99a41ba4f84d10ce7f854a45) Importer(815301076,1909f56bfc062723c751e8b465ee728b)  -> (artifact id: '117810ca95646994ac1a362a32fd46ab') in 0.010220 seconds 
========================================================================
Received Prepare
Registering precompiled user dll's ...
Registered in 0.003610 seconds.
Begin MonoManager ReloadAssembly
Native extension for WindowsStandalone target not found
Refreshing native plugins compatible for Editor in 0.54 ms, found 3 plugins.
Preloading 0 native plugins for Editor in 0.00 ms.
Mono: successfully reloaded assembly
- Completed reload, in  1.200 seconds
Domain Reload Profiling:
	ReloadAssembly (1200ms)
		BeginReloadAssembly (143ms)
			ExecutionOrderSort (0ms)
			DisableScriptedObjects (12ms)
			BackupInstance (0ms)
			ReleaseScriptingObjects (0ms)
			CreateAndSetChildDomain (43ms)
		EndReloadAssembly (985ms)
			LoadAssemblies (120ms)
			RebuildTransferFunctionScriptingTraits (0ms)
			SetupTypeCache (337ms)
			ReleaseScriptCaches (1ms)
			RebuildScriptCaches (53ms)
			SetupLoadedEditorAssemblies (371ms)
				LogAssemblyErrors (0ms)
				InitializePlatformSupportModulesInManaged (6ms)
				SetLoadedEditorAssemblies (1ms)
				RefreshPlugins (1ms)
				BeforeProcessingInitializeOnLoad (105ms)
				ProcessInitializeOnLoadAttributes (232ms)
				ProcessInitializeOnLoadMethodAttributes (19ms)
				AfterProcessingInitializeOnLoad (8ms)
				EditorAssembliesLoaded (0ms)
			ExecutionOrderSort2 (0ms)
			AwakeInstancesAfterBackupRestoration (5ms)
Platform modules already initialized, skipping
Refreshing native plugins compatible for Editor in 0.64 ms, found 3 plugins.
Preloading 0 native plugins for Editor in 0.00 ms.
Unloading 2209 Unused Serialized files (Serialized files now loaded: 0)
System memory in use before: 101.4 MB.
System memory in use after: 101.3 MB.

Unloading 20 unused Assets to reduce memory usage. Loaded Objects now: 2680.
Total: 3.764000 ms (FindLiveObjects: 0.199600 ms CreateObjectMapping: 0.116500 ms MarkObjects: 3.224900 ms  DeleteObjects: 0.221700 ms)

AssetImportParameters requested are different than current active one (requested -> active):
  custom:framework-win-MediaFoundation: 216162199b28c13a410421893ffa2e32 -> 
  custom:video-decoder-ogg-theora: a1e56fd34408186e4bbccfd4996cb3dc -> 
  custom:container-muxer-webm: aa71ff27fc2769a1b78a27578f13a17b -> 
  custom:container-demuxer-webm: 4f35f7cbe854078d1ac9338744f61a02 -> 
  custom:container-demuxer-ogg: 62fdf1f143b41e24485cea50d1cbac27 -> 
  custom:video-encoder-webm-vp8: eb34c28f22e8b96e1ab97ce403110664 -> 
  custom:video-decoder-webm-vp8: 9c59270c3fd7afecdb556c50c9e8de78 -> 
  custom:audio-decoder-ogg-vorbis: bf7c407c2cedff20999df2af8eb42d56 -> 
  custom:audio-encoder-webm-vorbis: bf7c407c2cedff20999df2af8eb42d56 -> 
========================================================================
Received Import Request.
  Time since last request: 77.831577 seconds.
  path: Assets/MainMenu/Space_video.mp4
  artifactKey: Guid(2eb3d4a24f461634b8311dcaa99e119b) Importer(815301076,1909f56bfc062723c751e8b465ee728b)
Start importing Assets/MainMenu/Space_video.mp4 using Guid(2eb3d4a24f461634b8311dcaa99e119b) Importer(815301076,1909f56bfc062723c751e8b465ee728b)  -> (artifact id: '837aefcc632a4e72dcc1f0774bc0dff7') in 0.099558 seconds 
========================================================================
Received Prepare
Registering precompiled user dll's ...
Registered in 0.002907 seconds.
Begin MonoManager ReloadAssembly
Native extension for WindowsStandalone target not found
Refreshing native plugins compatible for Editor in 0.54 ms, found 3 plugins.
Preloading 0 native plugins for Editor in 0.00 ms.
Mono: successfully reloaded assembly
- Completed reload, in  1.206 seconds
Domain Reload Profiling:
	ReloadAssembly (1206ms)
		BeginReloadAssembly (145ms)
			ExecutionOrderSort (0ms)
			DisableScriptedObjects (7ms)
			BackupInstance (0ms)
			ReleaseScriptingObjects (0ms)
			CreateAndSetChildDomain (42ms)
		EndReloadAssembly (977ms)
			LoadAssemblies (123ms)
			RebuildTransferFunctionScriptingTraits (0ms)
			SetupTypeCache (338ms)
			ReleaseScriptCaches (1ms)
			RebuildScriptCaches (53ms)
			SetupLoadedEditorAssemblies (365ms)
				LogAssemblyErrors (0ms)
				InitializePlatformSupportModulesInManaged (5ms)
				SetLoadedEditorAssemblies (1ms)
				RefreshPlugins (1ms)
				BeforeProcessingInitializeOnLoad (102ms)
				ProcessInitializeOnLoadAttributes (228ms)
				ProcessInitializeOnLoadMethodAttributes (21ms)
				AfterProcessingInitializeOnLoad (8ms)
				EditorAssembliesLoaded (0ms)
			ExecutionOrderSort2 (0ms)
			AwakeInstancesAfterBackupRestoration (5ms)
Platform modules already initialized, skipping
Refreshing native plugins compatible for Editor in 0.58 ms, found 3 plugins.
Preloading 0 native plugins for Editor in 0.00 ms.
Unloading 2209 Unused Serialized files (Serialized files now loaded: 0)
System memory in use before: 101.4 MB.
System memory in use after: 101.3 MB.

Unloading 20 unused Assets to reduce memory usage. Loaded Objects now: 2683.
Total: 3.913300 ms (FindLiveObjects: 0.204900 ms CreateObjectMapping: 0.099100 ms MarkObjects: 3.443600 ms  DeleteObjects: 0.164600 ms)

AssetImportParameters requested are different than current active one (requested -> active):
  custom:framework-win-MediaFoundation: 216162199b28c13a410421893ffa2e32 -> 
  custom:video-decoder-ogg-theora: a1e56fd34408186e4bbccfd4996cb3dc -> 
  custom:container-muxer-webm: aa71ff27fc2769a1b78a27578f13a17b -> 
  custom:container-demuxer-webm: 4f35f7cbe854078d1ac9338744f61a02 -> 
  custom:container-demuxer-ogg: 62fdf1f143b41e24485cea50d1cbac27 -> 
  custom:video-encoder-webm-vp8: eb34c28f22e8b96e1ab97ce403110664 -> 
  custom:video-decoder-webm-vp8: 9c59270c3fd7afecdb556c50c9e8de78 -> 
  custom:audio-decoder-ogg-vorbis: bf7c407c2cedff20999df2af8eb42d56 -> 
  custom:audio-encoder-webm-vorbis: bf7c407c2cedff20999df2af8eb42d56 -> 
========================================================================
Received Import Request.
  Time since last request: 120.319345 seconds.
  path: Assets/AppleCatcher/Scripts/TitleScript.cs
  artifactKey: Guid(9be9523926e49c244a8bd3eb68e0a36d) Importer(815301076,1909f56bfc062723c751e8b465ee728b)
Start importing Assets/AppleCatcher/Scripts/TitleScript.cs using Guid(9be9523926e49c244a8bd3eb68e0a36d) Importer(815301076,1909f56bfc062723c751e8b465ee728b)  -> (artifact id: '38c848ff59e933b5e07c47bcf709536a') in 0.220779 seconds 
========================================================================
Received Import Request.
  Time since last request: 40.709794 seconds.
  path: Assets/AppleCatcher/Scenes/Game.unity
  artifactKey: Guid(a01c231473abd9f4d87ece2c71542729) Importer(815301076,1909f56bfc062723c751e8b465ee728b)
Start importing Assets/AppleCatcher/Scenes/Game.unity using Guid(a01c231473abd9f4d87ece2c71542729) Importer(815301076,1909f56bfc062723c751e8b465ee728b)  -> (artifact id: '134c2cfa88a8989608fb15ada1b39ac7') in 0.227178 seconds 
========================================================================
Received Prepare
Registering precompiled user dll's ...
Registered in 0.002840 seconds.
Begin MonoManager ReloadAssembly
Native extension for WindowsStandalone target not found
Refreshing native plugins compatible for Editor in 0.63 ms, found 3 plugins.
Preloading 0 native plugins for Editor in 0.00 ms.
Mono: successfully reloaded assembly
- Completed reload, in  1.196 seconds
Domain Reload Profiling:
	ReloadAssembly (1197ms)
		BeginReloadAssembly (140ms)
			ExecutionOrderSort (0ms)
			DisableScriptedObjects (7ms)
			BackupInstance (0ms)
			ReleaseScriptingObjects (0ms)
			CreateAndSetChildDomain (42ms)
		EndReloadAssembly (987ms)
			LoadAssemblies (129ms)
			RebuildTransferFunctionScriptingTraits (0ms)
			SetupTypeCache (340ms)
			ReleaseScriptCaches (1ms)
			RebuildScriptCaches (51ms)
			SetupLoadedEditorAssemblies (360ms)
				LogAssemblyErrors (0ms)
				InitializePlatformSupportModulesInManaged (5ms)
				SetLoadedEditorAssemblies (1ms)
				RefreshPlugins (1ms)
				BeforeProcessingInitializeOnLoad (102ms)
				ProcessInitializeOnLoadAttributes (224ms)
				ProcessInitializeOnLoadMethodAttributes (20ms)
				AfterProcessingInitializeOnLoad (7ms)
				EditorAssembliesLoaded (0ms)
			ExecutionOrderSort2 (0ms)
			AwakeInstancesAfterBackupRestoration (6ms)
Platform modules already initialized, skipping
Refreshing native plugins compatible for Editor in 1.09 ms, found 3 plugins.
Preloading 0 native plugins for Editor in 0.00 ms.
Unloading 2210 Unused Serialized files (Serialized files now loaded: 0)
System memory in use before: 101.4 MB.
System memory in use after: 101.4 MB.

Unloading 20 unused Assets to reduce memory usage. Loaded Objects now: 2687.
Total: 4.338400 ms (FindLiveObjects: 0.439700 ms CreateObjectMapping: 0.388600 ms MarkObjects: 3.354300 ms  DeleteObjects: 0.153800 ms)

AssetImportParameters requested are different than current active one (requested -> active):
  custom:framework-win-MediaFoundation: 216162199b28c13a410421893ffa2e32 -> 
  custom:video-decoder-ogg-theora: a1e56fd34408186e4bbccfd4996cb3dc -> 
  custom:container-muxer-webm: aa71ff27fc2769a1b78a27578f13a17b -> 
  custom:container-demuxer-webm: 4f35f7cbe854078d1ac9338744f61a02 -> 
  custom:container-demuxer-ogg: 62fdf1f143b41e24485cea50d1cbac27 -> 
  custom:video-encoder-webm-vp8: eb34c28f22e8b96e1ab97ce403110664 -> 
  custom:video-decoder-webm-vp8: 9c59270c3fd7afecdb556c50c9e8de78 -> 
  custom:audio-decoder-ogg-vorbis: bf7c407c2cedff20999df2af8eb42d56 -> 
  custom:audio-encoder-webm-vorbis: bf7c407c2cedff20999df2af8eb42d56 -> 
========================================================================
Received Prepare
Registering precompiled user dll's ...
Registered in 0.005119 seconds.
Begin MonoManager ReloadAssembly
Native extension for WindowsStandalone target not found
Refreshing native plugins compatible for Editor in 0.67 ms, found 3 plugins.
Preloading 0 native plugins for Editor in 0.00 ms.
Mono: successfully reloaded assembly
- Completed reload, in  1.910 seconds
Domain Reload Profiling:
	ReloadAssembly (1911ms)
		BeginReloadAssembly (566ms)
			ExecutionOrderSort (0ms)
			DisableScriptedObjects (15ms)
			BackupInstance (0ms)
			ReleaseScriptingObjects (0ms)
			CreateAndSetChildDomain (252ms)
		EndReloadAssembly (1252ms)
			LoadAssemblies (242ms)
			RebuildTransferFunctionScriptingTraits (0ms)
			SetupTypeCache (440ms)
			ReleaseScriptCaches (1ms)
			RebuildScriptCaches (55ms)
			SetupLoadedEditorAssemblies (480ms)
				LogAssemblyErrors (0ms)
				InitializePlatformSupportModulesInManaged (5ms)
				SetLoadedEditorAssemblies (1ms)
				RefreshPlugins (1ms)
				BeforeProcessingInitializeOnLoad (107ms)
				ProcessInitializeOnLoadAttributes (334ms)
				ProcessInitializeOnLoadMethodAttributes (23ms)
				AfterProcessingInitializeOnLoad (9ms)
				EditorAssembliesLoaded (0ms)
			ExecutionOrderSort2 (0ms)
			AwakeInstancesAfterBackupRestoration (5ms)
Platform modules already initialized, skipping
Refreshing native plugins compatible for Editor in 0.57 ms, found 3 plugins.
Preloading 0 native plugins for Editor in 0.00 ms.
Unloading 2210 Unused Serialized files (Serialized files now loaded: 0)
System memory in use before: 101.4 MB.
System memory in use after: 101.4 MB.

Unloading 20 unused Assets to reduce memory usage. Loaded Objects now: 2690.
Total: 4.000400 ms (FindLiveObjects: 0.307100 ms CreateObjectMapping: 0.303200 ms MarkObjects: 3.193900 ms  DeleteObjects: 0.194600 ms)

AssetImportParameters requested are different than current active one (requested -> active):
  custom:framework-win-MediaFoundation: 216162199b28c13a410421893ffa2e32 -> 
  custom:video-decoder-ogg-theora: a1e56fd34408186e4bbccfd4996cb3dc -> 
  custom:container-muxer-webm: aa71ff27fc2769a1b78a27578f13a17b -> 
  custom:container-demuxer-webm: 4f35f7cbe854078d1ac9338744f61a02 -> 
  custom:container-demuxer-ogg: 62fdf1f143b41e24485cea50d1cbac27 -> 
  custom:video-encoder-webm-vp8: eb34c28f22e8b96e1ab97ce403110664 -> 
  custom:video-decoder-webm-vp8: 9c59270c3fd7afecdb556c50c9e8de78 -> 
  custom:audio-decoder-ogg-vorbis: bf7c407c2cedff20999df2af8eb42d56 -> 
  custom:audio-encoder-webm-vorbis: bf7c407c2cedff20999df2af8eb42d56 -> 
========================================================================
Received Prepare
Registering precompiled user dll's ...
Registered in 0.004727 seconds.
Begin MonoManager ReloadAssembly
Native extension for WindowsStandalone target not found
Refreshing native plugins compatible for Editor in 0.65 ms, found 3 plugins.
Preloading 0 native plugins for Editor in 0.00 ms.
Mono: successfully reloaded assembly
- Completed reload, in  1.399 seconds
Domain Reload Profiling:
	ReloadAssembly (1400ms)
		BeginReloadAssembly (191ms)
			ExecutionOrderSort (0ms)
			DisableScriptedObjects (10ms)
			BackupInstance (0ms)
			ReleaseScriptingObjects (0ms)
			CreateAndSetChildDomain (55ms)
		EndReloadAssembly (1119ms)
			LoadAssemblies (194ms)
			RebuildTransferFunctionScriptingTraits (0ms)
			SetupTypeCache (411ms)
			ReleaseScriptCaches (1ms)
			RebuildScriptCaches (65ms)
			SetupLoadedEditorAssemblies (368ms)
				LogAssemblyErrors (0ms)
				InitializePlatformSupportModulesInManaged (5ms)
				SetLoadedEditorAssemblies (1ms)
				RefreshPlugins (1ms)
				BeforeProcessingInitializeOnLoad (100ms)
				ProcessInitializeOnLoadAttributes (234ms)
				ProcessInitializeOnLoadMethodAttributes (19ms)
				AfterProcessingInitializeOnLoad (7ms)
				EditorAssembliesLoaded (0ms)
			ExecutionOrderSort2 (0ms)
			AwakeInstancesAfterBackupRestoration (5ms)
Platform modules already initialized, skipping
Refreshing native plugins compatible for Editor in 0.67 ms, found 3 plugins.
Preloading 0 native plugins for Editor in 0.00 ms.
Unloading 2210 Unused Serialized files (Serialized files now loaded: 0)
System memory in use before: 101.4 MB.
System memory in use after: 101.4 MB.

Unloading 20 unused Assets to reduce memory usage. Loaded Objects now: 2693.
Total: 3.730600 ms (FindLiveObjects: 0.271900 ms CreateObjectMapping: 0.154500 ms MarkObjects: 3.124200 ms  DeleteObjects: 0.178700 ms)

AssetImportParameters requested are different than current active one (requested -> active):
  custom:framework-win-MediaFoundation: 216162199b28c13a410421893ffa2e32 -> 
  custom:video-decoder-ogg-theora: a1e56fd34408186e4bbccfd4996cb3dc -> 
  custom:container-muxer-webm: aa71ff27fc2769a1b78a27578f13a17b -> 
  custom:container-demuxer-webm: 4f35f7cbe854078d1ac9338744f61a02 -> 
  custom:container-demuxer-ogg: 62fdf1f143b41e24485cea50d1cbac27 -> 
  custom:video-encoder-webm-vp8: eb34c28f22e8b96e1ab97ce403110664 -> 
  custom:video-decoder-webm-vp8: 9c59270c3fd7afecdb556c50c9e8de78 -> 
  custom:audio-decoder-ogg-vorbis: bf7c407c2cedff20999df2af8eb42d56 -> 
  custom:audio-encoder-webm-vorbis: bf7c407c2cedff20999df2af8eb42d56 -> 
========================================================================
Received Import Request.
  Time since last request: 120.255841 seconds.
  path: Assets/AppleCatcher/Scripts/scriptPomme.cs
  artifactKey: Guid(37ef4744186ecb443b47eef450f4a054) Importer(815301076,1909f56bfc062723c751e8b465ee728b)
Start importing Assets/AppleCatcher/Scripts/scriptPomme.cs using Guid(37ef4744186ecb443b47eef450f4a054) Importer(815301076,1909f56bfc062723c751e8b465ee728b)  -> (artifact id: '3a01c7f137e59c50afb84fae53a2e620') in 0.017576 seconds 
========================================================================
Received Import Request.
  Time since last request: 1.452974 seconds.
  path: Assets/AppleCatcher/Scripts/listener_exit.cs
  artifactKey: Guid(83ede94f2e3b1e0478b924b781c5da4e) Importer(815301076,1909f56bfc062723c751e8b465ee728b)
Start importing Assets/AppleCatcher/Scripts/listener_exit.cs using Guid(83ede94f2e3b1e0478b924b781c5da4e) Importer(815301076,1909f56bfc062723c751e8b465ee728b)  -> (artifact id: '645c6ab16aa9999951f288cd4864c93b') in 0.014354 seconds 
========================================================================
Received Import Request.
  Time since last request: 76.238514 seconds.
  path: Assets/MainMenu/Scene/MainMenu.unity
  artifactKey: Guid(4ace4216f4a4b1b4ea862f6c4f05ea2b) Importer(815301076,1909f56bfc062723c751e8b465ee728b)
Start importing Assets/MainMenu/Scene/MainMenu.unity using Guid(4ace4216f4a4b1b4ea862f6c4f05ea2b) Importer(815301076,1909f56bfc062723c751e8b465ee728b)  -> (artifact id: 'f4a8b52ed319f75709aaaf26e64a70b9') in 0.005495 seconds 
========================================================================
Received Prepare
Registering precompiled user dll's ...
Registered in 0.002572 seconds.
Begin MonoManager ReloadAssembly
Native extension for WindowsStandalone target not found
Refreshing native plugins compatible for Editor in 0.66 ms, found 3 plugins.
Preloading 0 native plugins for Editor in 0.00 ms.
Mono: successfully reloaded assembly
- Completed reload, in  1.334 seconds
Domain Reload Profiling:
	ReloadAssembly (1334ms)
		BeginReloadAssembly (181ms)
			ExecutionOrderSort (0ms)
			DisableScriptedObjects (12ms)
			BackupInstance (0ms)
			ReleaseScriptingObjects (0ms)
			CreateAndSetChildDomain (52ms)
		EndReloadAssembly (1051ms)
			LoadAssemblies (165ms)
			RebuildTransferFunctionScriptingTraits (0ms)
			SetupTypeCache (385ms)
			ReleaseScriptCaches (1ms)
			RebuildScriptCaches (52ms)
			SetupLoadedEditorAssemblies (361ms)
				LogAssemblyErrors (0ms)
				InitializePlatformSupportModulesInManaged (5ms)
				SetLoadedEditorAssemblies (1ms)
				RefreshPlugins (1ms)
				BeforeProcessingInitializeOnLoad (105ms)
				ProcessInitializeOnLoadAttributes (222ms)
				ProcessInitializeOnLoadMethodAttributes (19ms)
				AfterProcessingInitializeOnLoad (8ms)
				EditorAssembliesLoaded (0ms)
			ExecutionOrderSort2 (0ms)
			AwakeInstancesAfterBackupRestoration (5ms)
Platform modules already initialized, skipping
Refreshing native plugins compatible for Editor in 0.57 ms, found 3 plugins.
Preloading 0 native plugins for Editor in 0.00 ms.
Unloading 2210 Unused Serialized files (Serialized files now loaded: 0)
System memory in use before: 101.4 MB.
System memory in use after: 101.4 MB.

Unloading 20 unused Assets to reduce memory usage. Loaded Objects now: 2696.
Total: 3.915200 ms (FindLiveObjects: 0.226300 ms CreateObjectMapping: 0.093700 ms MarkObjects: 3.444800 ms  DeleteObjects: 0.149400 ms)

AssetImportParameters requested are different than current active one (requested -> active):
  custom:framework-win-MediaFoundation: 216162199b28c13a410421893ffa2e32 -> 
  custom:video-decoder-ogg-theora: a1e56fd34408186e4bbccfd4996cb3dc -> 
  custom:container-muxer-webm: aa71ff27fc2769a1b78a27578f13a17b -> 
  custom:container-demuxer-webm: 4f35f7cbe854078d1ac9338744f61a02 -> 
  custom:container-demuxer-ogg: 62fdf1f143b41e24485cea50d1cbac27 -> 
  custom:video-encoder-webm-vp8: eb34c28f22e8b96e1ab97ce403110664 -> 
  custom:video-decoder-webm-vp8: 9c59270c3fd7afecdb556c50c9e8de78 -> 
  custom:audio-decoder-ogg-vorbis: bf7c407c2cedff20999df2af8eb42d56 -> 
  custom:audio-encoder-webm-vorbis: bf7c407c2cedff20999df2af8eb42d56 -> 
========================================================================
Received Import Request.
  Time since last request: 95.653517 seconds.
  path: Assets/TextMesh Pro/Resources/Fonts & Materials/LiberationSans SDF - Fallback.asset
  artifactKey: Guid(2e498d1c8094910479dc3e1b768306a4) Importer(815301076,1909f56bfc062723c751e8b465ee728b)
Start importing Assets/TextMesh Pro/Resources/Fonts & Materials/LiberationSans SDF - Fallback.asset using Guid(2e498d1c8094910479dc3e1b768306a4) Importer(815301076,1909f56bfc062723c751e8b465ee728b)  -> (artifact id: '672682f7dbdfd72cf3f100a9c3a4dc8e') in 0.535300 seconds 
========================================================================
Received Prepare
Registering precompiled user dll's ...
Registered in 0.002816 seconds.
Begin MonoManager ReloadAssembly
Native extension for WindowsStandalone target not found
Refreshing native plugins compatible for Editor in 0.52 ms, found 3 plugins.
Preloading 0 native plugins for Editor in 0.00 ms.
Mono: successfully reloaded assembly
- Completed reload, in  1.306 seconds
Domain Reload Profiling:
	ReloadAssembly (1306ms)
		BeginReloadAssembly (149ms)
			ExecutionOrderSort (0ms)
			DisableScriptedObjects (7ms)
			BackupInstance (0ms)
			ReleaseScriptingObjects (0ms)
			CreateAndSetChildDomain (47ms)
		EndReloadAssembly (1084ms)
			LoadAssemblies (126ms)
			RebuildTransferFunctionScriptingTraits (0ms)
			SetupTypeCache (364ms)
			ReleaseScriptCaches (2ms)
			RebuildScriptCaches (67ms)
			SetupLoadedEditorAssemblies (400ms)
				LogAssemblyErrors (0ms)
				InitializePlatformSupportModulesInManaged (5ms)
				SetLoadedEditorAssemblies (1ms)
				RefreshPlugins (1ms)
				BeforeProcessingInitializeOnLoad (112ms)
				ProcessInitializeOnLoadAttributes (255ms)
				ProcessInitializeOnLoadMethodAttributes (20ms)
				AfterProcessingInitializeOnLoad (7ms)
				EditorAssembliesLoaded (0ms)
			ExecutionOrderSort2 (0ms)
			AwakeInstancesAfterBackupRestoration (5ms)
Platform modules already initialized, skipping
Refreshing native plugins compatible for Editor in 0.61 ms, found 3 plugins.
Preloading 0 native plugins for Editor in 0.00 ms.
Unloading 2210 Unused Serialized files (Serialized files now loaded: 0)
System memory in use before: 101.8 MB.
System memory in use after: 101.9 MB.

Unloading 20 unused Assets to reduce memory usage. Loaded Objects now: 2735.
Total: 3.800800 ms (FindLiveObjects: 0.248100 ms CreateObjectMapping: 0.126100 ms MarkObjects: 3.200100 ms  DeleteObjects: 0.223800 ms)

AssetImportParameters requested are different than current active one (requested -> active):
  custom:framework-win-MediaFoundation: 216162199b28c13a410421893ffa2e32 -> 
  custom:video-decoder-ogg-theora: a1e56fd34408186e4bbccfd4996cb3dc -> 
  custom:container-muxer-webm: aa71ff27fc2769a1b78a27578f13a17b -> 
  custom:container-demuxer-webm: 4f35f7cbe854078d1ac9338744f61a02 -> 
  custom:container-demuxer-ogg: 62fdf1f143b41e24485cea50d1cbac27 -> 
  custom:video-encoder-webm-vp8: eb34c28f22e8b96e1ab97ce403110664 -> 
  custom:video-decoder-webm-vp8: 9c59270c3fd7afecdb556c50c9e8de78 -> 
  custom:audio-decoder-ogg-vorbis: bf7c407c2cedff20999df2af8eb42d56 -> 
  custom:audio-encoder-webm-vorbis: bf7c407c2cedff20999df2af8eb42d56 -> 
========================================================================
Received Prepare
Registering precompiled user dll's ...
Registered in 0.003931 seconds.
Begin MonoManager ReloadAssembly
Native extension for WindowsStandalone target not found
Refreshing native plugins compatible for Editor in 0.54 ms, found 3 plugins.
Preloading 0 native plugins for Editor in 0.00 ms.
Mono: successfully reloaded assembly
- Completed reload, in  1.227 seconds
Domain Reload Profiling:
	ReloadAssembly (1228ms)
		BeginReloadAssembly (145ms)
			ExecutionOrderSort (0ms)
			DisableScriptedObjects (8ms)
			BackupInstance (0ms)
			ReleaseScriptingObjects (0ms)
			CreateAndSetChildDomain (40ms)
		EndReloadAssembly (1009ms)
			LoadAssemblies (131ms)
			RebuildTransferFunctionScriptingTraits (0ms)
			SetupTypeCache (346ms)
			ReleaseScriptCaches (1ms)
			RebuildScriptCaches (59ms)
			SetupLoadedEditorAssemblies (373ms)
				LogAssemblyErrors (0ms)
				InitializePlatformSupportModulesInManaged (5ms)
				SetLoadedEditorAssemblies (1ms)
				RefreshPlugins (1ms)
				BeforeProcessingInitializeOnLoad (102ms)
				ProcessInitializeOnLoadAttributes (237ms)
				ProcessInitializeOnLoadMethodAttributes (19ms)
				AfterProcessingInitializeOnLoad (8ms)
				EditorAssembliesLoaded (0ms)
			ExecutionOrderSort2 (0ms)
			AwakeInstancesAfterBackupRestoration (5ms)
Platform modules already initialized, skipping
Refreshing native plugins compatible for Editor in 0.60 ms, found 3 plugins.
Preloading 0 native plugins for Editor in 0.00 ms.
Unloading 2210 Unused Serialized files (Serialized files now loaded: 0)
System memory in use before: 101.8 MB.
System memory in use after: 101.9 MB.

Unloading 20 unused Assets to reduce memory usage. Loaded Objects now: 2738.
Total: 3.945900 ms (FindLiveObjects: 0.232200 ms CreateObjectMapping: 0.113400 ms MarkObjects: 3.395400 ms  DeleteObjects: 0.203400 ms)

AssetImportParameters requested are different than current active one (requested -> active):
  custom:framework-win-MediaFoundation: 216162199b28c13a410421893ffa2e32 -> 
  custom:video-decoder-ogg-theora: a1e56fd34408186e4bbccfd4996cb3dc -> 
  custom:container-muxer-webm: aa71ff27fc2769a1b78a27578f13a17b -> 
  custom:container-demuxer-webm: 4f35f7cbe854078d1ac9338744f61a02 -> 
  custom:container-demuxer-ogg: 62fdf1f143b41e24485cea50d1cbac27 -> 
  custom:video-encoder-webm-vp8: eb34c28f22e8b96e1ab97ce403110664 -> 
  custom:video-decoder-webm-vp8: 9c59270c3fd7afecdb556c50c9e8de78 -> 
  custom:audio-decoder-ogg-vorbis: bf7c407c2cedff20999df2af8eb42d56 -> 
  custom:audio-encoder-webm-vorbis: bf7c407c2cedff20999df2af8eb42d56 -> 
========================================================================
Received Import Request.
  Time since last request: 214.974250 seconds.
  path: Assets/AppleCatcher/Scripts/listener_exit.cs
  artifactKey: Guid(83ede94f2e3b1e0478b924b781c5da4e) Importer(815301076,1909f56bfc062723c751e8b465ee728b)
Start importing Assets/AppleCatcher/Scripts/listener_exit.cs using Guid(83ede94f2e3b1e0478b924b781c5da4e) Importer(815301076,1909f56bfc062723c751e8b465ee728b)  -> (artifact id: 'd06052c7b8bc05a43aba8fbac58ef53c') in 0.010299 seconds 
========================================================================
Received Import Request.
  Time since last request: 19.549384 seconds.
  path: Assets/AppleCatcher/Sounds
  artifactKey: Guid(b829a9643e8a353499290333516bdeec) Importer(815301076,1909f56bfc062723c751e8b465ee728b)
Start importing Assets/AppleCatcher/Sounds using Guid(b829a9643e8a353499290333516bdeec) Importer(815301076,1909f56bfc062723c751e8b465ee728b)  -> (artifact id: '32e62518c4fab60466d03a16cb631887') in 0.141939 seconds 
========================================================================
Received Prepare
Registering precompiled user dll's ...
Registered in 0.003035 seconds.
Begin MonoManager ReloadAssembly
Native extension for WindowsStandalone target not found
Refreshing native plugins compatible for Editor in 0.57 ms, found 3 plugins.
Preloading 0 native plugins for Editor in 0.00 ms.
Mono: successfully reloaded assembly
- Completed reload, in  1.910 seconds
Domain Reload Profiling:
	ReloadAssembly (1910ms)
		BeginReloadAssembly (347ms)
			ExecutionOrderSort (0ms)
			DisableScriptedObjects (13ms)
			BackupInstance (0ms)
			ReleaseScriptingObjects (0ms)
			CreateAndSetChildDomain (80ms)
		EndReloadAssembly (1415ms)
			LoadAssemblies (310ms)
			RebuildTransferFunctionScriptingTraits (0ms)
			SetupTypeCache (620ms)
			ReleaseScriptCaches (2ms)
			RebuildScriptCaches (74ms)
			SetupLoadedEditorAssemblies (372ms)
				LogAssemblyErrors (0ms)
				InitializePlatformSupportModulesInManaged (5ms)
				SetLoadedEditorAssemblies (1ms)
				RefreshPlugins (1ms)
				BeforeProcessingInitializeOnLoad (100ms)
				ProcessInitializeOnLoadAttributes (236ms)
				ProcessInitializeOnLoadMethodAttributes (20ms)
				AfterProcessingInitializeOnLoad (9ms)
				EditorAssembliesLoaded (0ms)
			ExecutionOrderSort2 (0ms)
			AwakeInstancesAfterBackupRestoration (15ms)
Platform modules already initialized, skipping
Refreshing native plugins compatible for Editor in 0.66 ms, found 3 plugins.
Preloading 0 native plugins for Editor in 0.00 ms.
Unloading 2210 Unused Serialized files (Serialized files now loaded: 0)
System memory in use before: 101.8 MB.
System memory in use after: 101.9 MB.

Unloading 20 unused Assets to reduce memory usage. Loaded Objects now: 2741.
Total: 3.735900 ms (FindLiveObjects: 0.306900 ms CreateObjectMapping: 0.136200 ms MarkObjects: 3.129000 ms  DeleteObjects: 0.162600 ms)

AssetImportParameters requested are different than current active one (requested -> active):
  custom:framework-win-MediaFoundation: 216162199b28c13a410421893ffa2e32 -> 
  custom:video-decoder-ogg-theora: a1e56fd34408186e4bbccfd4996cb3dc -> 
  custom:container-muxer-webm: aa71ff27fc2769a1b78a27578f13a17b -> 
  custom:container-demuxer-webm: 4f35f7cbe854078d1ac9338744f61a02 -> 
  custom:container-demuxer-ogg: 62fdf1f143b41e24485cea50d1cbac27 -> 
  custom:video-encoder-webm-vp8: eb34c28f22e8b96e1ab97ce403110664 -> 
  custom:video-decoder-webm-vp8: 9c59270c3fd7afecdb556c50c9e8de78 -> 
  custom:audio-decoder-ogg-vorbis: bf7c407c2cedff20999df2af8eb42d56 -> 
  custom:audio-encoder-webm-vorbis: bf7c407c2cedff20999df2af8eb42d56 -> 
========================================================================
Received Import Request.
  Time since last request: 40.382009 seconds.
  path: Assets/AppleCatcher/Scenes/Game.unity
  artifactKey: Guid(a01c231473abd9f4d87ece2c71542729) Importer(815301076,1909f56bfc062723c751e8b465ee728b)
Start importing Assets/AppleCatcher/Scenes/Game.unity using Guid(a01c231473abd9f4d87ece2c71542729) Importer(815301076,1909f56bfc062723c751e8b465ee728b)  -> (artifact id: 'b7da7283093b02a1af2535d27ffc2ef3') in 0.043794 seconds 
========================================================================
Received Import Request.
  Time since last request: 105.807997 seconds.
  path: Assets/MainMenu/Scene/MainMenu.unity
  artifactKey: Guid(4ace4216f4a4b1b4ea862f6c4f05ea2b) Importer(815301076,1909f56bfc062723c751e8b465ee728b)
Start importing Assets/MainMenu/Scene/MainMenu.unity using Guid(4ace4216f4a4b1b4ea862f6c4f05ea2b) Importer(815301076,1909f56bfc062723c751e8b465ee728b)  -> (artifact id: 'bbe155b5dc8fb5c65be356e91d5eadf9') in 0.014335 seconds 
========================================================================
Received Prepare
Registering precompiled user dll's ...
Registered in 0.003881 seconds.
Begin MonoManager ReloadAssembly
Native extension for WindowsStandalone target not found
Refreshing native plugins compatible for Editor in 0.54 ms, found 3 plugins.
Preloading 0 native plugins for Editor in 0.00 ms.
Mono: successfully reloaded assembly
- Completed reload, in  1.399 seconds
Domain Reload Profiling:
	ReloadAssembly (1400ms)
		BeginReloadAssembly (139ms)
			ExecutionOrderSort (0ms)
			DisableScriptedObjects (7ms)
			BackupInstance (0ms)
			ReleaseScriptingObjects (0ms)
			CreateAndSetChildDomain (39ms)
		EndReloadAssembly (1174ms)
			LoadAssemblies (172ms)
			RebuildTransferFunctionScriptingTraits (0ms)
			SetupTypeCache (426ms)
			ReleaseScriptCaches (1ms)
			RebuildScriptCaches (51ms)
			SetupLoadedEditorAssemblies (417ms)
				LogAssemblyErrors (0ms)
				InitializePlatformSupportModulesInManaged (6ms)
				SetLoadedEditorAssemblies (1ms)
				RefreshPlugins (1ms)
				BeforeProcessingInitializeOnLoad (112ms)
				ProcessInitializeOnLoadAttributes (270ms)
				ProcessInitializeOnLoadMethodAttributes (20ms)
				AfterProcessingInitializeOnLoad (8ms)
				EditorAssembliesLoaded (0ms)
			ExecutionOrderSort2 (0ms)
			AwakeInstancesAfterBackupRestoration (5ms)
Platform modules already initialized, skipping
Refreshing native plugins compatible for Editor in 0.71 ms, found 3 plugins.
Preloading 0 native plugins for Editor in 0.00 ms.
Unloading 2210 Unused Serialized files (Serialized files now loaded: 0)
System memory in use before: 101.9 MB.
System memory in use after: 102.0 MB.

Unloading 20 unused Assets to reduce memory usage. Loaded Objects now: 2744.
Total: 6.072300 ms (FindLiveObjects: 0.611900 ms CreateObjectMapping: 0.324800 ms MarkObjects: 4.911000 ms  DeleteObjects: 0.222800 ms)

AssetImportParameters requested are different than current active one (requested -> active):
  custom:framework-win-MediaFoundation: 216162199b28c13a410421893ffa2e32 -> 
  custom:video-decoder-ogg-theora: a1e56fd34408186e4bbccfd4996cb3dc -> 
  custom:container-muxer-webm: aa71ff27fc2769a1b78a27578f13a17b -> 
  custom:container-demuxer-webm: 4f35f7cbe854078d1ac9338744f61a02 -> 
  custom:container-demuxer-ogg: 62fdf1f143b41e24485cea50d1cbac27 -> 
  custom:video-encoder-webm-vp8: eb34c28f22e8b96e1ab97ce403110664 -> 
  custom:video-decoder-webm-vp8: 9c59270c3fd7afecdb556c50c9e8de78 -> 
  custom:audio-decoder-ogg-vorbis: bf7c407c2cedff20999df2af8eb42d56 -> 
  custom:audio-encoder-webm-vorbis: bf7c407c2cedff20999df2af8eb42d56 -> 
========================================================================
Received Import Request.
  Time since last request: 141.353327 seconds.
  path: Assets/MainMenu/Planet - Apple Catcher.png
  artifactKey: Guid(31948f430fd674041b3d629e5d73b832) Importer(815301076,1909f56bfc062723c751e8b465ee728b)
Start importing Assets/MainMenu/Planet - Apple Catcher.png using Guid(31948f430fd674041b3d629e5d73b832) Importer(815301076,1909f56bfc062723c751e8b465ee728b)  -> (artifact id: '541273d87759256d483b95d757bbeef8') in 0.094964 seconds 
========================================================================
Received Import Request.
  Time since last request: 69.116096 seconds.
  path: Assets/MainMenu/Logo - Apple Catcher.png
  artifactKey: Guid(58f2186c0dd5a9a4091fef08357c75e3) Importer(815301076,1909f56bfc062723c751e8b465ee728b)
Start importing Assets/MainMenu/Logo - Apple Catcher.png using Guid(58f2186c0dd5a9a4091fef08357c75e3) Importer(815301076,1909f56bfc062723c751e8b465ee728b)  -> (artifact id: '4195d78bc89723e897a75f953de1c02a') in 0.090887 seconds 
========================================================================
Received Prepare
Registering precompiled user dll's ...
Registered in 0.053880 seconds.
Begin MonoManager ReloadAssembly
Native extension for WindowsStandalone target not found
Refreshing native plugins compatible for Editor in 0.55 ms, found 3 plugins.
Preloading 0 native plugins for Editor in 0.00 ms.
Mono: successfully reloaded assembly
- Completed reload, in  1.183 seconds
Domain Reload Profiling:
	ReloadAssembly (1184ms)
		BeginReloadAssembly (143ms)
			ExecutionOrderSort (0ms)
			DisableScriptedObjects (10ms)
			BackupInstance (0ms)
			ReleaseScriptingObjects (0ms)
			CreateAndSetChildDomain (41ms)
		EndReloadAssembly (969ms)
			LoadAssemblies (124ms)
			RebuildTransferFunctionScriptingTraits (0ms)
			SetupTypeCache (334ms)
			ReleaseScriptCaches (1ms)
			RebuildScriptCaches (51ms)
			SetupLoadedEditorAssemblies (357ms)
				LogAssemblyErrors (0ms)
				InitializePlatformSupportModulesInManaged (5ms)
				SetLoadedEditorAssemblies (1ms)
				RefreshPlugins (1ms)
				BeforeProcessingInitializeOnLoad (98ms)
				ProcessInitializeOnLoadAttributes (225ms)
				ProcessInitializeOnLoadMethodAttributes (19ms)
				AfterProcessingInitializeOnLoad (7ms)
				EditorAssembliesLoaded (0ms)
			ExecutionOrderSort2 (0ms)
			AwakeInstancesAfterBackupRestoration (5ms)
Platform modules already initialized, skipping
Refreshing native plugins compatible for Editor in 1.10 ms, found 3 plugins.
Preloading 0 native plugins for Editor in 0.00 ms.
Unloading 2210 Unused Serialized files (Serialized files now loaded: 0)
System memory in use before: 102.0 MB.
System memory in use after: 102.1 MB.

Unloading 20 unused Assets to reduce memory usage. Loaded Objects now: 2751.
Total: 5.367600 ms (FindLiveObjects: 0.269700 ms CreateObjectMapping: 0.149000 ms MarkObjects: 4.756500 ms  DeleteObjects: 0.190700 ms)

AssetImportParameters requested are different than current active one (requested -> active):
  custom:framework-win-MediaFoundation: 216162199b28c13a410421893ffa2e32 -> 
  custom:video-decoder-ogg-theora: a1e56fd34408186e4bbccfd4996cb3dc -> 
  custom:container-muxer-webm: aa71ff27fc2769a1b78a27578f13a17b -> 
  custom:container-demuxer-webm: 4f35f7cbe854078d1ac9338744f61a02 -> 
  custom:container-demuxer-ogg: 62fdf1f143b41e24485cea50d1cbac27 -> 
  custom:video-encoder-webm-vp8: eb34c28f22e8b96e1ab97ce403110664 -> 
  custom:video-decoder-webm-vp8: 9c59270c3fd7afecdb556c50c9e8de78 -> 
  custom:audio-decoder-ogg-vorbis: bf7c407c2cedff20999df2af8eb42d56 -> 
  custom:audio-encoder-webm-vorbis: bf7c407c2cedff20999df2af8eb42d56 -> 
========================================================================
Received Import Request.
  Time since last request: 104.670134 seconds.
  path: Assets/MainMenu/Buttons
  artifactKey: Guid(1c3b4b093303d9d489a7dd607691b93e) Importer(815301076,1909f56bfc062723c751e8b465ee728b)
Start importing Assets/MainMenu/Buttons using Guid(1c3b4b093303d9d489a7dd607691b93e) Importer(815301076,1909f56bfc062723c751e8b465ee728b)  -> (artifact id: 'd9fb9a5a37624a4084195035e78df18f') in 0.027816 seconds 
========================================================================
Received Import Request.
  Time since last request: 13.817049 seconds.
  path: Assets/MainMenu/Buttons/Logo - Brick Breaker.png
  artifactKey: Guid(d64e3a4969c4f474bb60c7723a5e688b) Importer(815301076,1909f56bfc062723c751e8b465ee728b)
Start importing Assets/MainMenu/Buttons/Logo - Brick Breaker.png using Guid(d64e3a4969c4f474bb60c7723a5e688b) Importer(815301076,1909f56bfc062723c751e8b465ee728b)  -> (artifact id: '16b0943782fc7173e506f5ac1bcc16a7') in 0.107890 seconds 
========================================================================
Received Import Request.
  Time since last request: 0.000313 seconds.
  path: Assets/MainMenu/Buttons/Logo - Furapi Bird.png
  artifactKey: Guid(de5424f4c8eb3644aae2f47355c630eb) Importer(815301076,1909f56bfc062723c751e8b465ee728b)
Start importing Assets/MainMenu/Buttons/Logo - Furapi Bird.png using Guid(de5424f4c8eb3644aae2f47355c630eb) Importer(815301076,1909f56bfc062723c751e8b465ee728b)  -> (artifact id: 'e6935111290ead89486a8e5bb1bb333e') in 0.041175 seconds 
========================================================================
Received Import Request.
  Time since last request: 0.001371 seconds.
  path: Assets/MainMenu/Buttons/Planet - Brick Breaker.png
  artifactKey: Guid(5473370b1691ca041a1c1c6be9079fea) Importer(815301076,1909f56bfc062723c751e8b465ee728b)
Start importing Assets/MainMenu/Buttons/Planet - Brick Breaker.png using Guid(5473370b1691ca041a1c1c6be9079fea) Importer(815301076,1909f56bfc062723c751e8b465ee728b)  -> (artifact id: 'a0f58cbb7acb5cc4bbc14fc2fbc66b2a') in 0.027612 seconds 
========================================================================
Received Import Request.
  Time since last request: 0.000258 seconds.
  path: Assets/MainMenu/Buttons/Planet - Furapi Bird.png
  artifactKey: Guid(ef8de842e36973c49ab9fa936968b59e) Importer(815301076,1909f56bfc062723c751e8b465ee728b)
Start importing Assets/MainMenu/Buttons/Planet - Furapi Bird.png using Guid(ef8de842e36973c49ab9fa936968b59e) Importer(815301076,1909f56bfc062723c751e8b465ee728b)  -> (artifact id: '14f351bdb628051e936a969549d15564') in 0.033458 seconds 
========================================================================
Received Prepare
Registering precompiled user dll's ...
Registered in 0.002696 seconds.
Begin MonoManager ReloadAssembly
Native extension for WindowsStandalone target not found
Refreshing native plugins compatible for Editor in 0.55 ms, found 3 plugins.
Preloading 0 native plugins for Editor in 0.00 ms.
Mono: successfully reloaded assembly
- Completed reload, in  1.318 seconds
Domain Reload Profiling:
	ReloadAssembly (1319ms)
		BeginReloadAssembly (180ms)
			ExecutionOrderSort (0ms)
			DisableScriptedObjects (10ms)
			BackupInstance (0ms)
			ReleaseScriptingObjects (0ms)
			CreateAndSetChildDomain (56ms)
		EndReloadAssembly (1044ms)
			LoadAssemblies (140ms)
			RebuildTransferFunctionScriptingTraits (0ms)
			SetupTypeCache (345ms)
			ReleaseScriptCaches (1ms)
			RebuildScriptCaches (51ms)
			SetupLoadedEditorAssemblies (382ms)
				LogAssemblyErrors (0ms)
				InitializePlatformSupportModulesInManaged (5ms)
				SetLoadedEditorAssemblies (1ms)
				RefreshPlugins (1ms)
				BeforeProcessingInitializeOnLoad (104ms)
				ProcessInitializeOnLoadAttributes (234ms)
				ProcessInitializeOnLoadMethodAttributes (23ms)
				AfterProcessingInitializeOnLoad (13ms)
				EditorAssembliesLoaded (0ms)
			ExecutionOrderSort2 (0ms)
			AwakeInstancesAfterBackupRestoration (10ms)
Platform modules already initialized, skipping
Refreshing native plugins compatible for Editor in 1.17 ms, found 3 plugins.
Preloading 0 native plugins for Editor in 0.00 ms.
Unloading 2210 Unused Serialized files (Serialized files now loaded: 0)
System memory in use before: 102.0 MB.
System memory in use after: 102.1 MB.

Unloading 20 unused Assets to reduce memory usage. Loaded Objects now: 2759.
Total: 3.581700 ms (FindLiveObjects: 0.226800 ms CreateObjectMapping: 0.148200 ms MarkObjects: 3.032400 ms  DeleteObjects: 0.173100 ms)

AssetImportParameters requested are different than current active one (requested -> active):
  custom:framework-win-MediaFoundation: 216162199b28c13a410421893ffa2e32 -> 
  custom:video-decoder-ogg-theora: a1e56fd34408186e4bbccfd4996cb3dc -> 
  custom:container-muxer-webm: aa71ff27fc2769a1b78a27578f13a17b -> 
  custom:container-demuxer-webm: 4f35f7cbe854078d1ac9338744f61a02 -> 
  custom:container-demuxer-ogg: 62fdf1f143b41e24485cea50d1cbac27 -> 
  custom:video-encoder-webm-vp8: eb34c28f22e8b96e1ab97ce403110664 -> 
  custom:video-decoder-webm-vp8: 9c59270c3fd7afecdb556c50c9e8de78 -> 
  custom:audio-decoder-ogg-vorbis: bf7c407c2cedff20999df2af8eb42d56 -> 
  custom:audio-encoder-webm-vorbis: bf7c407c2cedff20999df2af8eb42d56 -> 
========================================================================
Received Import Request.
  Time since last request: 308.794911 seconds.
  path: Assets/FurapiBird
  artifactKey: Guid(90c62d15b952ff944b8a6bc0126c28d2) Importer(815301076,1909f56bfc062723c751e8b465ee728b)
Start importing Assets/FurapiBird using Guid(90c62d15b952ff944b8a6bc0126c28d2) Importer(815301076,1909f56bfc062723c751e8b465ee728b)  -> (artifact id: '269750c7e83277bb3a5ae6090b3b438e') in 0.022863 seconds 
========================================================================
Received Prepare
Registering precompiled user dll's ...
Registered in 0.246331 seconds.
Begin MonoManager ReloadAssembly
Native extension for WindowsStandalone target not found
Refreshing native plugins compatible for Editor in 0.55 ms, found 3 plugins.
Preloading 0 native plugins for Editor in 0.00 ms.
Mono: successfully reloaded assembly
- Completed reload, in  1.996 seconds
Domain Reload Profiling:
	ReloadAssembly (1996ms)
		BeginReloadAssembly (207ms)
			ExecutionOrderSort (0ms)
			DisableScriptedObjects (8ms)
			BackupInstance (0ms)
			ReleaseScriptingObjects (0ms)
			CreateAndSetChildDomain (39ms)
		EndReloadAssembly (1713ms)
			LoadAssemblies (864ms)
			RebuildTransferFunctionScriptingTraits (0ms)
			SetupTypeCache (376ms)
			ReleaseScriptCaches (1ms)
			RebuildScriptCaches (51ms)
			SetupLoadedEditorAssemblies (366ms)
				LogAssemblyErrors (0ms)
				InitializePlatformSupportModulesInManaged (6ms)
				SetLoadedEditorAssemblies (1ms)
				RefreshPlugins (1ms)
				BeforeProcessingInitializeOnLoad (99ms)
				ProcessInitializeOnLoadAttributes (228ms)
				ProcessInitializeOnLoadMethodAttributes (24ms)
				AfterProcessingInitializeOnLoad (8ms)
				EditorAssembliesLoaded (0ms)
			ExecutionOrderSort2 (0ms)
			AwakeInstancesAfterBackupRestoration (5ms)
Platform modules already initialized, skipping
Refreshing native plugins compatible for Editor in 1.01 ms, found 3 plugins.
Preloading 0 native plugins for Editor in 0.00 ms.
Unloading 2211 Unused Serialized files (Serialized files now loaded: 0)
System memory in use before: 102.1 MB.
System memory in use after: 102.1 MB.

Unloading 20 unused Assets to reduce memory usage. Loaded Objects now: 2763.
Total: 7.848300 ms (FindLiveObjects: 0.384400 ms CreateObjectMapping: 0.235000 ms MarkObjects: 6.931600 ms  DeleteObjects: 0.295200 ms)

AssetImportParameters requested are different than current active one (requested -> active):
  custom:framework-win-MediaFoundation: 216162199b28c13a410421893ffa2e32 -> 
  custom:video-decoder-ogg-theora: a1e56fd34408186e4bbccfd4996cb3dc -> 
  custom:container-muxer-webm: aa71ff27fc2769a1b78a27578f13a17b -> 
  custom:container-demuxer-webm: 4f35f7cbe854078d1ac9338744f61a02 -> 
  custom:container-demuxer-ogg: 62fdf1f143b41e24485cea50d1cbac27 -> 
  custom:video-encoder-webm-vp8: eb34c28f22e8b96e1ab97ce403110664 -> 
  custom:video-decoder-webm-vp8: 9c59270c3fd7afecdb556c50c9e8de78 -> 
  custom:audio-decoder-ogg-vorbis: bf7c407c2cedff20999df2af8eb42d56 -> 
  custom:audio-encoder-webm-vorbis: bf7c407c2cedff20999df2af8eb42d56 -> 
========================================================================
Received Import Request.
  Time since last request: 58.081347 seconds.
  path: Assets/FurapiBird/Graphics
  artifactKey: Guid(cf8f2391e2a6b3245bea5e27934e72a7) Importer(815301076,1909f56bfc062723c751e8b465ee728b)
Start importing Assets/FurapiBird/Graphics using Guid(cf8f2391e2a6b3245bea5e27934e72a7) Importer(815301076,1909f56bfc062723c751e8b465ee728b)  -> (artifact id: '295886a5057dbe982f8628335665e33e') in 0.036848 seconds 
========================================================================
Received Import Request.
  Time since last request: 0.071831 seconds.
  path: Assets/FurapiBird/Graphics/bg_back_mountains.png
  artifactKey: Guid(6f14b01c8024ce54481f386110412325) Importer(815301076,1909f56bfc062723c751e8b465ee728b)
Start importing Assets/FurapiBird/Graphics/bg_back_mountains.png using Guid(6f14b01c8024ce54481f386110412325) Importer(815301076,1909f56bfc062723c751e8b465ee728b)  -> (artifact id: 'df54f843559194416f77dd9e75e02850') in 0.082840 seconds 
========================================================================
Received Import Request.
  Time since last request: 0.000250 seconds.
  path: Assets/FurapiBird/Graphics/Cloud-big.png
  artifactKey: Guid(d40cbea5d8b17da409ad973f9a7faa81) Importer(815301076,1909f56bfc062723c751e8b465ee728b)
Start importing Assets/FurapiBird/Graphics/Cloud-big.png using Guid(d40cbea5d8b17da409ad973f9a7faa81) Importer(815301076,1909f56bfc062723c751e8b465ee728b)  -> (artifact id: 'd702f986b15da24286e5e97d0a92d6b5') in 0.035615 seconds 
========================================================================
Received Import Request.
  Time since last request: 0.000265 seconds.
  path: Assets/FurapiBird/Graphics/Pipe-red.png
  artifactKey: Guid(d0999645fc6c4374aacf0ca3acdadbaa) Importer(815301076,1909f56bfc062723c751e8b465ee728b)
Start importing Assets/FurapiBird/Graphics/Pipe-red.png using Guid(d0999645fc6c4374aacf0ca3acdadbaa) Importer(815301076,1909f56bfc062723c751e8b465ee728b)  -> (artifact id: '318a01bdfd9cfbf5bf363e88f51915d1') in 0.043369 seconds 
========================================================================
Received Import Request.
  Time since last request: 0.000285 seconds.
  path: Assets/FurapiBird/Graphics/Cloud-small.png
  artifactKey: Guid(b0b9b3c968ed0e44fa1b3b4cf0a3427c) Importer(815301076,1909f56bfc062723c751e8b465ee728b)
Start importing Assets/FurapiBird/Graphics/Cloud-small.png using Guid(b0b9b3c968ed0e44fa1b3b4cf0a3427c) Importer(815301076,1909f56bfc062723c751e8b465ee728b)  -> (artifact id: 'de7f435e6358dcd865f8ce8a1860dd50') in 0.035978 seconds 
========================================================================
Received Import Request.
  Time since last request: 0.000244 seconds.
  path: Assets/FurapiBird/Graphics/Pipe-yellow.png
  artifactKey: Guid(6c5f3f3dae48d374d873b24d67bf43f4) Importer(815301076,1909f56bfc062723c751e8b465ee728b)
Start importing Assets/FurapiBird/Graphics/Pipe-yellow.png using Guid(6c5f3f3dae48d374d873b24d67bf43f4) Importer(815301076,1909f56bfc062723c751e8b465ee728b)  -> (artifact id: 'c4f14051edfa4c7a0fd49db0bf541995') in 0.031318 seconds 
========================================================================
Received Import Request.
  Time since last request: 0.000249 seconds.
  path: Assets/FurapiBird/Graphics/Bird_dead.png
  artifactKey: Guid(22dbcfeb832f14345812b17d1ba48490) Importer(815301076,1909f56bfc062723c751e8b465ee728b)
Start importing Assets/FurapiBird/Graphics/Bird_dead.png using Guid(22dbcfeb832f14345812b17d1ba48490) Importer(815301076,1909f56bfc062723c751e8b465ee728b)  -> (artifact id: 'b5d2173fb670078e8f421ec0fb5e2ef7') in 0.037732 seconds 
========================================================================
Received Import Request.
  Time since last request: 0.000258 seconds.
  path: Assets/FurapiBird/Graphics/Bird_01.png
  artifactKey: Guid(d9034032646e4df4380093b8026eea17) Importer(815301076,1909f56bfc062723c751e8b465ee728b)
Start importing Assets/FurapiBird/Graphics/Bird_01.png using Guid(d9034032646e4df4380093b8026eea17) Importer(815301076,1909f56bfc062723c751e8b465ee728b)  -> (artifact id: 'c73df06e2fe20ab83da998804ba984dd') in 0.040036 seconds 
========================================================================
Received Import Request.
  Time since last request: 0.000240 seconds.
  path: Assets/FurapiBird/Graphics/Bird_02.png
  artifactKey: Guid(acc1d014a81f3e74a823efa8edf281be) Importer(815301076,1909f56bfc062723c751e8b465ee728b)
Start importing Assets/FurapiBird/Graphics/Bird_02.png using Guid(acc1d014a81f3e74a823efa8edf281be) Importer(815301076,1909f56bfc062723c751e8b465ee728b)  -> (artifact id: '68fb955f2154ad44954a91f2bb5a229a') in 0.033326 seconds 
========================================================================
Received Import Request.
  Time since last request: 0.000096 seconds.
  path: Assets/FurapiBird/Graphics/Pipe-purple.png
  artifactKey: Guid(46fd06bb87c086640bfbbe692e956927) Importer(815301076,1909f56bfc062723c751e8b465ee728b)
Start importing Assets/FurapiBird/Graphics/Pipe-purple.png using Guid(46fd06bb87c086640bfbbe692e956927) Importer(815301076,1909f56bfc062723c751e8b465ee728b)  -> (artifact id: '00799f69ed33051be1b30e0176ad7376') in 0.033810 seconds 
========================================================================
Received Import Request.
  Time since last request: 0.000252 seconds.
  path: Assets/FurapiBird/Graphics/bg_back_sky.png
  artifactKey: Guid(3a7477d8f1f08d340a759049302db166) Importer(815301076,1909f56bfc062723c751e8b465ee728b)
Start importing Assets/FurapiBird/Graphics/bg_back_sky.png using Guid(3a7477d8f1f08d340a759049302db166) Importer(815301076,1909f56bfc062723c751e8b465ee728b)  -> (artifact id: '66a2b1fca79ac882fea86338c03d2c67') in 0.043558 seconds 
========================================================================
Received Import Request.
  Time since last request: 0.000295 seconds.
  path: Assets/FurapiBird/Graphics/Pipe-green.png
  artifactKey: Guid(6c073e6405b319e4a801fd96fcfe60da) Importer(815301076,1909f56bfc062723c751e8b465ee728b)
Start importing Assets/FurapiBird/Graphics/Pipe-green.png using Guid(6c073e6405b319e4a801fd96fcfe60da) Importer(815301076,1909f56bfc062723c751e8b465ee728b)  -> (artifact id: '7456adddaff7fb1836b8a96e69c2a4a9') in 0.028081 seconds 
========================================================================
Received Import Request.
  Time since last request: 1.776455 seconds.
  path: Assets/FurapiBird/Prefabs
  artifactKey: Guid(0315e6fe57d859c4bb97c5a0a9c5d775) Importer(815301076,1909f56bfc062723c751e8b465ee728b)
Start importing Assets/FurapiBird/Prefabs using Guid(0315e6fe57d859c4bb97c5a0a9c5d775) Importer(815301076,1909f56bfc062723c751e8b465ee728b)  -> (artifact id: '3e02806d6ed939f7ba0a6bced0706bb2') in 0.011072 seconds 
========================================================================
Received Import Request.
  Time since last request: 0.041049 seconds.
  path: Assets/FurapiBird/Prefabs/Obstacle.prefab
  artifactKey: Guid(aa9f2bc9056a9a44a8f9bb32cba40fa3) Importer(815301076,1909f56bfc062723c751e8b465ee728b)
Start importing Assets/FurapiBird/Prefabs/Obstacle.prefab using Guid(aa9f2bc9056a9a44a8f9bb32cba40fa3) Importer(815301076,1909f56bfc062723c751e8b465ee728b)  -> (artifact id: '67b6e2e7c5712299daf947eebfe1af0d') in 0.085407 seconds 
========================================================================
Received Import Request.
  Time since last request: 1.555350 seconds.
  path: Assets/FurapiBird/Scripts
  artifactKey: Guid(f1e6f53182f1df14e91bb0f47113ca28) Importer(815301076,1909f56bfc062723c751e8b465ee728b)
Start importing Assets/FurapiBird/Scripts using Guid(f1e6f53182f1df14e91bb0f47113ca28) Importer(815301076,1909f56bfc062723c751e8b465ee728b)  -> (artifact id: 'a053ea1cb54a1a5f39a17f669c1a851d') in 0.113919 seconds 
========================================================================
Received Import Request.
  Time since last request: 1.757026 seconds.
  path: Assets/FurapiBird/Sounds
  artifactKey: Guid(0fca181d099cf1944be07f1ab61189c6) Importer(815301076,1909f56bfc062723c751e8b465ee728b)
Start importing Assets/FurapiBird/Sounds using Guid(0fca181d099cf1944be07f1ab61189c6) Importer(815301076,1909f56bfc062723c751e8b465ee728b)  -> (artifact id: 'd42eddf5cb65d264713218c403fe4ef3') in 0.008106 seconds 
========================================================================
Received Import Request.
  Time since last request: 0.039564 seconds.
  path: Assets/FurapiBird/Sounds/Furapi Bird Music.mp3
  artifactKey: Guid(543cc75dcdf3255408b12d7ede65b4d0) Importer(815301076,1909f56bfc062723c751e8b465ee728b)
Start importing Assets/FurapiBird/Sounds/Furapi Bird Music.mp3 using Guid(543cc75dcdf3255408b12d7ede65b4d0) Importer(815301076,1909f56bfc062723c751e8b465ee728b)  -> (artifact id: '6dc767efe0065b6e88867028f239b5b2') in 0.043297 seconds 
========================================================================
Received Import Request.
  Time since last request: 0.000256 seconds.
  path: Assets/FurapiBird/Sounds/Sound - Death Jingle.mp3
  artifactKey: Guid(60bfaf946f75ffe4e8512d42fcaf71fd) Importer(815301076,1909f56bfc062723c751e8b465ee728b)
Start importing Assets/FurapiBird/Sounds/Sound - Death Jingle.mp3 using Guid(60bfaf946f75ffe4e8512d42fcaf71fd) Importer(815301076,1909f56bfc062723c751e8b465ee728b)  -> (artifact id: 'bef84d69151a461f643b4ebf9fc4eeb9') in 0.034123 seconds 
========================================================================
Received Import Request.
  Time since last request: 0.000079 seconds.
  path: Assets/FurapiBird/Sounds/Sound - Impact.mp3
  artifactKey: Guid(fd1cb69a7eab4b44486df0dc1926cbc0) Importer(815301076,1909f56bfc062723c751e8b465ee728b)
Start importing Assets/FurapiBird/Sounds/Sound - Impact.mp3 using Guid(fd1cb69a7eab4b44486df0dc1926cbc0) Importer(815301076,1909f56bfc062723c751e8b465ee728b)  -> (artifact id: '958179d90fd765486a957f806256cdaf') in 0.037364 seconds 
========================================================================
Received Import Request.
  Time since last request: 4.988594 seconds.
  path: Assets/Scenes
  artifactKey: Guid(c45a8c6d378219242b120d59bf2b0faa) Importer(815301076,1909f56bfc062723c751e8b465ee728b)
Start importing Assets/Scenes using Guid(c45a8c6d378219242b120d59bf2b0faa) Importer(815301076,1909f56bfc062723c751e8b465ee728b)  -> (artifact id: '836001a69786c3810f169643077b8cfd') in 0.223933 seconds 
========================================================================
Received Import Request.
  Time since last request: 10.955337 seconds.
  path: Assets/FurapiBird/Scenes/FurapiBird.unity
  artifactKey: Guid(3dd5cd490fd11864abbb186c215e6d74) Importer(815301076,1909f56bfc062723c751e8b465ee728b)
Start importing Assets/FurapiBird/Scenes/FurapiBird.unity using Guid(3dd5cd490fd11864abbb186c215e6d74) Importer(815301076,1909f56bfc062723c751e8b465ee728b)  -> (artifact id: '524eb2f40f8cf587542c26853b6a1905') in 0.026205 seconds 
========================================================================
Received Prepare
Registering precompiled user dll's ...
Registered in 0.002558 seconds.
Begin MonoManager ReloadAssembly
Native extension for WindowsStandalone target not found
Refreshing native plugins compatible for Editor in 0.87 ms, found 3 plugins.
Preloading 0 native plugins for Editor in 0.00 ms.
Mono: successfully reloaded assembly
- Completed reload, in  1.350 seconds
Domain Reload Profiling:
	ReloadAssembly (1350ms)
		BeginReloadAssembly (149ms)
			ExecutionOrderSort (0ms)
			DisableScriptedObjects (7ms)
			BackupInstance (0ms)
			ReleaseScriptingObjects (0ms)
			CreateAndSetChildDomain (53ms)
		EndReloadAssembly (1128ms)
			LoadAssemblies (120ms)
			RebuildTransferFunctionScriptingTraits (0ms)
			SetupTypeCache (339ms)
			ReleaseScriptCaches (1ms)
			RebuildScriptCaches (65ms)
			SetupLoadedEditorAssemblies (454ms)
				LogAssemblyErrors (0ms)
				InitializePlatformSupportModulesInManaged (7ms)
				SetLoadedEditorAssemblies (1ms)
				RefreshPlugins (1ms)
				BeforeProcessingInitializeOnLoad (149ms)
				ProcessInitializeOnLoadAttributes (270ms)
				ProcessInitializeOnLoadMethodAttributes (19ms)
				AfterProcessingInitializeOnLoad (7ms)
				EditorAssembliesLoaded (0ms)
			ExecutionOrderSort2 (0ms)
			AwakeInstancesAfterBackupRestoration (5ms)
Platform modules already initialized, skipping
Refreshing native plugins compatible for Editor in 0.61 ms, found 3 plugins.
Preloading 0 native plugins for Editor in 0.00 ms.
Unloading 2211 Unused Serialized files (Serialized files now loaded: 0)
System memory in use before: 102.2 MB.
System memory in use after: 102.2 MB.

Unloading 20 unused Assets to reduce memory usage. Loaded Objects now: 2777.
Total: 4.236100 ms (FindLiveObjects: 0.424800 ms CreateObjectMapping: 0.290600 ms MarkObjects: 3.360100 ms  DeleteObjects: 0.159000 ms)

AssetImportParameters requested are different than current active one (requested -> active):
  custom:framework-win-MediaFoundation: 216162199b28c13a410421893ffa2e32 -> 
  custom:video-decoder-ogg-theora: a1e56fd34408186e4bbccfd4996cb3dc -> 
  custom:container-muxer-webm: aa71ff27fc2769a1b78a27578f13a17b -> 
  custom:container-demuxer-webm: 4f35f7cbe854078d1ac9338744f61a02 -> 
  custom:container-demuxer-ogg: 62fdf1f143b41e24485cea50d1cbac27 -> 
  custom:video-encoder-webm-vp8: eb34c28f22e8b96e1ab97ce403110664 -> 
  custom:video-decoder-webm-vp8: 9c59270c3fd7afecdb556c50c9e8de78 -> 
  custom:audio-decoder-ogg-vorbis: bf7c407c2cedff20999df2af8eb42d56 -> 
  custom:audio-encoder-webm-vorbis: bf7c407c2cedff20999df2af8eb42d56 -> 
========================================================================
Received Import Request.
  Time since last request: 84.421298 seconds.
  path: Assets/AppleCatcher/Prefab
  artifactKey: Guid(cd76127fbd9b46c4c9657301c191c241) Importer(815301076,1909f56bfc062723c751e8b465ee728b)
Start importing Assets/AppleCatcher/Prefab using Guid(cd76127fbd9b46c4c9657301c191c241) Importer(815301076,1909f56bfc062723c751e8b465ee728b)  -> (artifact id: 'e69f552d6472333d8903be44b65872ea') in 0.020199 seconds 
========================================================================
Received Import Request.
  Time since last request: 9.890019 seconds.
  path: Assets/AppleCatcher/Images
  artifactKey: Guid(e6a4f703c745ef44f87b5687b7c6a39b) Importer(815301076,1909f56bfc062723c751e8b465ee728b)
Start importing Assets/AppleCatcher/Images using Guid(e6a4f703c745ef44f87b5687b7c6a39b) Importer(815301076,1909f56bfc062723c751e8b465ee728b)  -> (artifact id: 'aabaaea9b0e76d38682441e83a07a80a') in 0.013317 seconds 
========================================================================
Received Import Request.
  Time since last request: 19.909309 seconds.
  path: Assets/BrickBreaker/Prefab
  artifactKey: Guid(555bb8a74ad81f641a5196e735cb2af5) Importer(815301076,1909f56bfc062723c751e8b465ee728b)
Start importing Assets/BrickBreaker/Prefab using Guid(555bb8a74ad81f641a5196e735cb2af5) Importer(815301076,1909f56bfc062723c751e8b465ee728b)  -> (artifact id: '9d41f2c64a8497ce10b54e76ae042c8d') in 0.007840 seconds 
========================================================================
Received Import Request.
  Time since last request: 7.988430 seconds.
  path: Assets/BrickBreaker/Images
  artifactKey: Guid(c1386452e6af784429daa1b0cf000c95) Importer(815301076,1909f56bfc062723c751e8b465ee728b)
Start importing Assets/BrickBreaker/Images using Guid(c1386452e6af784429daa1b0cf000c95) Importer(815301076,1909f56bfc062723c751e8b465ee728b)  -> (artifact id: '84fcd3c02cc7469fd966a68604990d04') in 0.007255 seconds 
========================================================================
Received Import Request.
  Time since last request: 36.442237 seconds.
  path: Assets/MainMenu/Script/listener_script.cs
  artifactKey: Guid(18c745477b2012b48a36327af41b0e53) Importer(815301076,1909f56bfc062723c751e8b465ee728b)
Start importing Assets/MainMenu/Script/listener_script.cs using Guid(18c745477b2012b48a36327af41b0e53) Importer(815301076,1909f56bfc062723c751e8b465ee728b)  -> (artifact id: '075cf7f6242032e4f916424b8667d77b') in 0.032987 seconds 
========================================================================
Received Prepare
Registering precompiled user dll's ...
Registered in 0.002717 seconds.
Begin MonoManager ReloadAssembly
Native extension for WindowsStandalone target not found
Refreshing native plugins compatible for Editor in 0.57 ms, found 3 plugins.
Preloading 0 native plugins for Editor in 0.00 ms.
Mono: successfully reloaded assembly
- Completed reload, in  1.327 seconds
Domain Reload Profiling:
	ReloadAssembly (1327ms)
		BeginReloadAssembly (172ms)
			ExecutionOrderSort (0ms)
			DisableScriptedObjects (8ms)
			BackupInstance (0ms)
			ReleaseScriptingObjects (0ms)
			CreateAndSetChildDomain (53ms)
		EndReloadAssembly (1063ms)
			LoadAssemblies (173ms)
			RebuildTransferFunctionScriptingTraits (0ms)
			SetupTypeCache (383ms)
			ReleaseScriptCaches (1ms)
			RebuildScriptCaches (54ms)
			SetupLoadedEditorAssemblies (366ms)
				LogAssemblyErrors (0ms)
				InitializePlatformSupportModulesInManaged (6ms)
				SetLoadedEditorAssemblies (1ms)
				RefreshPlugins (1ms)
				BeforeProcessingInitializeOnLoad (100ms)
				ProcessInitializeOnLoadAttributes (231ms)
				ProcessInitializeOnLoadMethodAttributes (20ms)
				AfterProcessingInitializeOnLoad (8ms)
				EditorAssembliesLoaded (0ms)
			ExecutionOrderSort2 (0ms)
			AwakeInstancesAfterBackupRestoration (6ms)
Platform modules already initialized, skipping
Refreshing native plugins compatible for Editor in 0.92 ms, found 3 plugins.
Preloading 0 native plugins for Editor in 0.00 ms.
Unloading 2211 Unused Serialized files (Serialized files now loaded: 0)
System memory in use before: 102.2 MB.
System memory in use after: 102.2 MB.

Unloading 20 unused Assets to reduce memory usage. Loaded Objects now: 2780.
Total: 3.815400 ms (FindLiveObjects: 0.260600 ms CreateObjectMapping: 0.138400 ms MarkObjects: 3.181800 ms  DeleteObjects: 0.232500 ms)

AssetImportParameters requested are different than current active one (requested -> active):
  custom:framework-win-MediaFoundation: 216162199b28c13a410421893ffa2e32 -> 
  custom:video-decoder-ogg-theora: a1e56fd34408186e4bbccfd4996cb3dc -> 
  custom:container-muxer-webm: aa71ff27fc2769a1b78a27578f13a17b -> 
  custom:container-demuxer-webm: 4f35f7cbe854078d1ac9338744f61a02 -> 
  custom:container-demuxer-ogg: 62fdf1f143b41e24485cea50d1cbac27 -> 
  custom:video-encoder-webm-vp8: eb34c28f22e8b96e1ab97ce403110664 -> 
  custom:video-decoder-webm-vp8: 9c59270c3fd7afecdb556c50c9e8de78 -> 
  custom:audio-decoder-ogg-vorbis: bf7c407c2cedff20999df2af8eb42d56 -> 
  custom:audio-encoder-webm-vorbis: bf7c407c2cedff20999df2af8eb42d56 -> 
========================================================================
Received Import Request.
  Time since last request: 87.437359 seconds.
  path: Assets/MainMenu/Scene/MainMenu.unity
  artifactKey: Guid(4ace4216f4a4b1b4ea862f6c4f05ea2b) Importer(815301076,1909f56bfc062723c751e8b465ee728b)
Start importing Assets/MainMenu/Scene/MainMenu.unity using Guid(4ace4216f4a4b1b4ea862f6c4f05ea2b) Importer(815301076,1909f56bfc062723c751e8b465ee728b)  -> (artifact id: '5524efbc06b966fdf9a8d947ce24e6b9') in 0.017970 seconds 
========================================================================
Received Prepare
Registering precompiled user dll's ...
Registered in 0.003039 seconds.
Begin MonoManager ReloadAssembly
Native extension for WindowsStandalone target not found
Refreshing native plugins compatible for Editor in 0.57 ms, found 3 plugins.
Preloading 0 native plugins for Editor in 0.00 ms.
Mono: successfully reloaded assembly
- Completed reload, in  1.244 seconds
Domain Reload Profiling:
	ReloadAssembly (1245ms)
		BeginReloadAssembly (145ms)
			ExecutionOrderSort (0ms)
			DisableScriptedObjects (8ms)
			BackupInstance (0ms)
			ReleaseScriptingObjects (0ms)
			CreateAndSetChildDomain (38ms)
		EndReloadAssembly (1006ms)
			LoadAssemblies (132ms)
			RebuildTransferFunctionScriptingTraits (0ms)
			SetupTypeCache (344ms)
			ReleaseScriptCaches (1ms)
			RebuildScriptCaches (53ms)
			SetupLoadedEditorAssemblies (376ms)
				LogAssemblyErrors (0ms)
				InitializePlatformSupportModulesInManaged (5ms)
				SetLoadedEditorAssemblies (1ms)
				RefreshPlugins (1ms)
				BeforeProcessingInitializeOnLoad (101ms)
				ProcessInitializeOnLoadAttributes (242ms)
				ProcessInitializeOnLoadMethodAttributes (19ms)
				AfterProcessingInitializeOnLoad (7ms)
				EditorAssembliesLoaded (0ms)
			ExecutionOrderSort2 (0ms)
			AwakeInstancesAfterBackupRestoration (6ms)
Platform modules already initialized, skipping
Refreshing native plugins compatible for Editor in 0.62 ms, found 3 plugins.
Preloading 0 native plugins for Editor in 0.00 ms.
Unloading 2211 Unused Serialized files (Serialized files now loaded: 0)
System memory in use before: 102.2 MB.
System memory in use after: 102.2 MB.

Unloading 20 unused Assets to reduce memory usage. Loaded Objects now: 2783.
Total: 3.723700 ms (FindLiveObjects: 0.234700 ms CreateObjectMapping: 0.105300 ms MarkObjects: 3.222200 ms  DeleteObjects: 0.160600 ms)

AssetImportParameters requested are different than current active one (requested -> active):
  custom:framework-win-MediaFoundation: 216162199b28c13a410421893ffa2e32 -> 
  custom:video-decoder-ogg-theora: a1e56fd34408186e4bbccfd4996cb3dc -> 
  custom:container-muxer-webm: aa71ff27fc2769a1b78a27578f13a17b -> 
  custom:container-demuxer-webm: 4f35f7cbe854078d1ac9338744f61a02 -> 
  custom:container-demuxer-ogg: 62fdf1f143b41e24485cea50d1cbac27 -> 
  custom:video-encoder-webm-vp8: eb34c28f22e8b96e1ab97ce403110664 -> 
  custom:video-decoder-webm-vp8: 9c59270c3fd7afecdb556c50c9e8de78 -> 
  custom:audio-decoder-ogg-vorbis: bf7c407c2cedff20999df2af8eb42d56 -> 
  custom:audio-encoder-webm-vorbis: bf7c407c2cedff20999df2af8eb42d56 -> 
========================================================================
Received Import Request.
  Time since last request: 40.959428 seconds.
  path: Assets/MainMenu/Scene/MainMenu.unity
  artifactKey: Guid(4ace4216f4a4b1b4ea862f6c4f05ea2b) Importer(815301076,1909f56bfc062723c751e8b465ee728b)
Start importing Assets/MainMenu/Scene/MainMenu.unity using Guid(4ace4216f4a4b1b4ea862f6c4f05ea2b) Importer(815301076,1909f56bfc062723c751e8b465ee728b)  -> (artifact id: 'a7ec451c27a2b653dd1f15008867369f') in 0.010015 seconds 
========================================================================
Received Prepare
Registering precompiled user dll's ...
Registered in 0.002584 seconds.
Begin MonoManager ReloadAssembly
Native extension for WindowsStandalone target not found
Refreshing native plugins compatible for Editor in 0.61 ms, found 3 plugins.
Preloading 0 native plugins for Editor in 0.00 ms.
Mono: successfully reloaded assembly
- Completed reload, in  1.592 seconds
Domain Reload Profiling:
	ReloadAssembly (1593ms)
		BeginReloadAssembly (175ms)
			ExecutionOrderSort (0ms)
			DisableScriptedObjects (7ms)
			BackupInstance (0ms)
			ReleaseScriptingObjects (0ms)
			CreateAndSetChildDomain (42ms)
		EndReloadAssembly (1340ms)
			LoadAssemblies (157ms)
			RebuildTransferFunctionScriptingTraits (0ms)
			SetupTypeCache (356ms)
			ReleaseScriptCaches (1ms)
			RebuildScriptCaches (52ms)
			SetupLoadedEditorAssemblies (648ms)
				LogAssemblyErrors (0ms)
				InitializePlatformSupportModulesInManaged (9ms)
				SetLoadedEditorAssemblies (1ms)
				RefreshPlugins (1ms)
				BeforeProcessingInitializeOnLoad (168ms)
				ProcessInitializeOnLoadAttributes (423ms)
				ProcessInitializeOnLoadMethodAttributes (36ms)
				AfterProcessingInitializeOnLoad (11ms)
				EditorAssembliesLoaded (0ms)
			ExecutionOrderSort2 (0ms)
			AwakeInstancesAfterBackupRestoration (9ms)
Platform modules already initialized, skipping
Refreshing native plugins compatible for Editor in 1.01 ms, found 3 plugins.
Preloading 0 native plugins for Editor in 0.00 ms.
Unloading 2211 Unused Serialized files (Serialized files now loaded: 0)
System memory in use before: 102.2 MB.
System memory in use after: 102.2 MB.

Unloading 20 unused Assets to reduce memory usage. Loaded Objects now: 2786.
Total: 6.513300 ms (FindLiveObjects: 0.599900 ms CreateObjectMapping: 0.447400 ms MarkObjects: 5.274400 ms  DeleteObjects: 0.188600 ms)

AssetImportParameters requested are different than current active one (requested -> active):
  custom:framework-win-MediaFoundation: 216162199b28c13a410421893ffa2e32 -> 
  custom:video-decoder-ogg-theora: a1e56fd34408186e4bbccfd4996cb3dc -> 
  custom:container-muxer-webm: aa71ff27fc2769a1b78a27578f13a17b -> 
  custom:container-demuxer-webm: 4f35f7cbe854078d1ac9338744f61a02 -> 
  custom:container-demuxer-ogg: 62fdf1f143b41e24485cea50d1cbac27 -> 
  custom:video-encoder-webm-vp8: eb34c28f22e8b96e1ab97ce403110664 -> 
  custom:video-decoder-webm-vp8: 9c59270c3fd7afecdb556c50c9e8de78 -> 
  custom:audio-decoder-ogg-vorbis: bf7c407c2cedff20999df2af8eb42d56 -> 
  custom:audio-encoder-webm-vorbis: bf7c407c2cedff20999df2af8eb42d56 -> 
AssetImportWorkerClient::OnTransportError - code=2 error=End of file
