Using pre-set license
Built from '2020.3/release' branch; Version is '2020.3.34f1 (9a4c9c70452b) revision 10112156'; Using compiler version '192528614'; Build Type 'Release'
OS: 'Windows 10  (10.0.19044) 64bit Core' Language: 'fr' Physical Memory: 6044 MB
BatchMode: 1, IsHumanControllingUs: 0, StartBugReporterOnCrash: 0, Is64bit: 1, IsPro: 0

COMMAND LINE ARGUMENTS:
C:\Program Files\Unity\Hub\Editor\2020.3.34f1\Editor\Unity.exe
-adb2
-batchMode
-noUpm
-name
AssetImportWorker1
-projectPath
E:/Documents/1-Travail/Unity/git_projet3
-logFile
Logs/AssetImportWorker1.log
-srvPort
64417
Successfully changed project path to: E:/Documents/1-Travail/Unity/git_projet3
E:/Documents/1-Travail/Unity/git_projet3
Using Asset Import Pipeline V2.
Refreshing native plugins compatible for Editor in 108.55 ms, found 3 plugins.
Preloading 0 native plugins for Editor in 0.00 ms.
Initialize engine version: 2020.3.34f1 (9a4c9c70452b)
[Subsystems] Discovering subsystems at path C:/Program Files/Unity/Hub/Editor/2020.3.34f1/Editor/Data/Resources/UnitySubsystems
[Subsystems] Discovering subsystems at path E:/Documents/1-Travail/Unity/git_projet3/Assets
GfxDevice: creating device client; threaded=0
Direct3D:
    Version:  Direct3D 11.0 [level 11.0]
    Renderer: NVIDIA GeForce 920MX (ID=0x134f)
    Vendor:   
    VRAM:     2020 MB
    Driver:   22.21.13.8264
Initialize mono
Mono path[0] = 'C:/Program Files/Unity/Hub/Editor/2020.3.34f1/Editor/Data/Managed'
Mono path[1] = 'C:/Program Files/Unity/Hub/Editor/2020.3.34f1/Editor/Data/MonoBleedingEdge/lib/mono/unityjit'
Mono config path = 'C:/Program Files/Unity/Hub/Editor/2020.3.34f1/Editor/Data/MonoBleedingEdge/etc'
Using monoOptions --debugger-agent=transport=dt_socket,embedding=1,server=y,suspend=n,address=127.0.0.1:56704
Begin MonoManager ReloadAssembly
Registering precompiled unity dll's ...
Register platform support module: C:/Program Files/Unity/Hub/Editor/2020.3.34f1/Editor/Data/PlaybackEngines/WindowsStandaloneSupport/UnityEditor.WindowsStandalone.Extensions.dll
Registered in 0.002405 seconds.
Native extension for WindowsStandalone target not found
Refreshing native plugins compatible for Editor in 79.75 ms, found 3 plugins.
Preloading 0 native plugins for Editor in 0.00 ms.
Mono: successfully reloaded assembly
- Completed reload, in  0.887 seconds
Domain Reload Profiling:
	ReloadAssembly (888ms)
		BeginReloadAssembly (95ms)
			ExecutionOrderSort (0ms)
			DisableScriptedObjects (0ms)
			BackupInstance (0ms)
			ReleaseScriptingObjects (0ms)
			CreateAndSetChildDomain (1ms)
		EndReloadAssembly (701ms)
			LoadAssemblies (92ms)
			RebuildTransferFunctionScriptingTraits (0ms)
			SetupTypeCache (209ms)
			ReleaseScriptCaches (0ms)
			RebuildScriptCaches (38ms)
			SetupLoadedEditorAssemblies (311ms)
				LogAssemblyErrors (0ms)
				InitializePlatformSupportModulesInManaged (5ms)
				SetLoadedEditorAssemblies (1ms)
				RefreshPlugins (80ms)
				BeforeProcessingInitializeOnLoad (21ms)
				ProcessInitializeOnLoadAttributes (168ms)
				ProcessInitializeOnLoadMethodAttributes (36ms)
				AfterProcessingInitializeOnLoad (0ms)
				EditorAssembliesLoaded (0ms)
			ExecutionOrderSort2 (0ms)
			AwakeInstancesAfterBackupRestoration (0ms)
Platform modules already initialized, skipping
Registering precompiled user dll's ...
Registered in 0.003188 seconds.
Begin MonoManager ReloadAssembly
Native extension for WindowsStandalone target not found
Refreshing native plugins compatible for Editor in 107.33 ms, found 3 plugins.
Preloading 0 native plugins for Editor in 0.00 ms.
Mono: successfully reloaded assembly
- Completed reload, in  2.821 seconds
Domain Reload Profiling:
	ReloadAssembly (2823ms)
		BeginReloadAssembly (350ms)
			ExecutionOrderSort (0ms)
			DisableScriptedObjects (10ms)
			BackupInstance (0ms)
			ReleaseScriptingObjects (0ms)
			CreateAndSetChildDomain (44ms)
		EndReloadAssembly (2317ms)
			LoadAssemblies (278ms)
			RebuildTransferFunctionScriptingTraits (0ms)
			SetupTypeCache (732ms)
			ReleaseScriptCaches (1ms)
			RebuildScriptCaches (134ms)
			SetupLoadedEditorAssemblies (913ms)
				LogAssemblyErrors (0ms)
				InitializePlatformSupportModulesInManaged (9ms)
				SetLoadedEditorAssemblies (0ms)
				RefreshPlugins (108ms)
				BeforeProcessingInitializeOnLoad (192ms)
				ProcessInitializeOnLoadAttributes (516ms)
				ProcessInitializeOnLoadMethodAttributes (73ms)
				AfterProcessingInitializeOnLoad (15ms)
				EditorAssembliesLoaded (0ms)
			ExecutionOrderSort2 (0ms)
			AwakeInstancesAfterBackupRestoration (5ms)
Platform modules already initialized, skipping
========================================================================
Worker process is ready to serve import requests
Launched and connected shader compiler UnityShaderCompiler.exe after 0.21 seconds
Refreshing native plugins compatible for Editor in 1.07 ms, found 3 plugins.
Preloading 0 native plugins for Editor in 0.00 ms.
Unloading 2225 Unused Serialized files (Serialized files now loaded: 0)
System memory in use before: 99.4 MB.
System memory in use after: 99.4 MB.

Unloading 31 unused Assets to reduce memory usage. Loaded Objects now: 2656.
Total: 6.339700 ms (FindLiveObjects: 0.369500 ms CreateObjectMapping: 0.369500 ms MarkObjects: 5.406400 ms  DeleteObjects: 0.192700 ms)

AssetImportParameters requested are different than current active one (requested -> active):
  custom:framework-win-MediaFoundation: 216162199b28c13a410421893ffa2e32 -> 
  custom:video-decoder-ogg-theora: a1e56fd34408186e4bbccfd4996cb3dc -> 
  custom:container-muxer-webm: aa71ff27fc2769a1b78a27578f13a17b -> 
  custom:container-demuxer-webm: 4f35f7cbe854078d1ac9338744f61a02 -> 
  custom:container-demuxer-ogg: 62fdf1f143b41e24485cea50d1cbac27 -> 
  custom:video-encoder-webm-vp8: eb34c28f22e8b96e1ab97ce403110664 -> 
  custom:video-decoder-webm-vp8: 9c59270c3fd7afecdb556c50c9e8de78 -> 
  custom:audio-decoder-ogg-vorbis: bf7c407c2cedff20999df2af8eb42d56 -> 
  custom:audio-encoder-webm-vorbis: bf7c407c2cedff20999df2af8eb42d56 -> 
========================================================================
Received Import Request.
  path: Assets/AppleCatcher/Background.jpg
  artifactKey: Guid(69e8ac4d76a9d4648adcf96418b6218c) Importer(815301076,1909f56bfc062723c751e8b465ee728b)
Start importing Assets/AppleCatcher/Background.jpg using Guid(69e8ac4d76a9d4648adcf96418b6218c) Importer(815301076,1909f56bfc062723c751e8b465ee728b)  -> (artifact id: '48ac61443be3058919768c86dc034d84') in 0.352102 seconds 
========================================================================
Received Import Request.
  Time since last request: 0.006099 seconds.
  path: Assets/AppleCatcher/pomme.png
  artifactKey: Guid(43c8c2fe63872d0459f9fd4446d592fb) Importer(815301076,1909f56bfc062723c751e8b465ee728b)
Start importing Assets/AppleCatcher/pomme.png using Guid(43c8c2fe63872d0459f9fd4446d592fb) Importer(815301076,1909f56bfc062723c751e8b465ee728b)  -> (artifact id: '011aa300bebf94b5754583f9d7fae461') in 0.115388 seconds 
========================================================================
Received Import Request.
  Time since last request: 0.000551 seconds.
  path: Assets/BrickBreaker
  artifactKey: Guid(dc2e6848e00936e42a8b6baf43002059) Importer(815301076,1909f56bfc062723c751e8b465ee728b)
Start importing Assets/BrickBreaker using Guid(dc2e6848e00936e42a8b6baf43002059) Importer(815301076,1909f56bfc062723c751e8b465ee728b)  -> (artifact id: '394c6f4950362dfaf531feb1ff51f591') in 0.012828 seconds 
========================================================================
Received Import Request.
  Time since last request: 0.001054 seconds.
  path: Assets/BrickBreaker/Ball.png
  artifactKey: Guid(64e3647601319d14686a7b07a4563a8e) Importer(815301076,1909f56bfc062723c751e8b465ee728b)
Start importing Assets/BrickBreaker/Ball.png using Guid(64e3647601319d14686a7b07a4563a8e) Importer(815301076,1909f56bfc062723c751e8b465ee728b)  -> (artifact id: 'bdf0b06008f3e7c3e3959e55ca526b1d') in 0.034173 seconds 
========================================================================
Received Import Request.
  Time since last request: 0.000465 seconds.
  path: Assets/AppleCatcher/Scenes
  artifactKey: Guid(131a6b21c8605f84396be9f6751fb6e3) Importer(815301076,1909f56bfc062723c751e8b465ee728b)
Start importing Assets/AppleCatcher/Scenes using Guid(131a6b21c8605f84396be9f6751fb6e3) Importer(815301076,1909f56bfc062723c751e8b465ee728b)  -> (artifact id: 'ffae677c86e903bacef8065336249a81') in 0.012125 seconds 
========================================================================
Received Import Request.
  Time since last request: 0.000311 seconds.
  path: Assets/BrickBreaker/Paddle.png
  artifactKey: Guid(ff7e21913572ce548aa66065c881bf5e) Importer(815301076,1909f56bfc062723c751e8b465ee728b)
Start importing Assets/BrickBreaker/Paddle.png using Guid(ff7e21913572ce548aa66065c881bf5e) Importer(815301076,1909f56bfc062723c751e8b465ee728b)  -> (artifact id: '12cf1263c95ae9ffaa0e8771daa5ed7e') in 0.032894 seconds 
========================================================================
Received Import Request.
  Time since last request: 0.000389 seconds.
  path: Assets/BrickBreaker/Diamond Pattern.png
  artifactKey: Guid(a9d94d16275256b4f9dc31201cbcc373) Importer(815301076,1909f56bfc062723c751e8b465ee728b)
Start importing Assets/BrickBreaker/Diamond Pattern.png using Guid(a9d94d16275256b4f9dc31201cbcc373) Importer(815301076,1909f56bfc062723c751e8b465ee728b)  -> (artifact id: 'a9c50fa071f1889064bc3637b22f0c05') in 0.024729 seconds 
========================================================================
Received Import Request.
  Time since last request: 0.000474 seconds.
  path: Assets/BrickBreaker/Brick_prefab.prefab
  artifactKey: Guid(52a658865051e644594ffcd1cf5eea24) Importer(815301076,1909f56bfc062723c751e8b465ee728b)
Start importing Assets/BrickBreaker/Brick_prefab.prefab using Guid(52a658865051e644594ffcd1cf5eea24) Importer(815301076,1909f56bfc062723c751e8b465ee728b)  -> (artifact id: '11de80b8a40b8a1cd8537efb2c537af9') in 0.121886 seconds 
========================================================================
Received Import Request.
  Time since last request: 0.000354 seconds.
  path: Assets/BrickBreaker/Bounce.physicsMaterial2D
  artifactKey: Guid(f99f0a6291e8c8c44aadc3d713fce082) Importer(815301076,1909f56bfc062723c751e8b465ee728b)
Start importing Assets/BrickBreaker/Bounce.physicsMaterial2D using Guid(f99f0a6291e8c8c44aadc3d713fce082) Importer(815301076,1909f56bfc062723c751e8b465ee728b)  -> (artifact id: '083e52b5392021ef2178a1d5640997fc') in 0.011793 seconds 
========================================================================
Received Import Request.
  Time since last request: 0.000553 seconds.
  path: Assets/BrickBreaker/Space1.png
  artifactKey: Guid(523f231c732e3574daeb69a5bd7141f7) Importer(815301076,1909f56bfc062723c751e8b465ee728b)
Start importing Assets/BrickBreaker/Space1.png using Guid(523f231c732e3574daeb69a5bd7141f7) Importer(815301076,1909f56bfc062723c751e8b465ee728b)  -> (artifact id: '9938b3e3311389f18babd176c5a110f7') in 0.029648 seconds 
========================================================================
Received Import Request.
  Time since last request: 0.000411 seconds.
  path: Assets/AppleCatcher
  artifactKey: Guid(d5936754f69c1c74d81c64e32f9342e4) Importer(815301076,1909f56bfc062723c751e8b465ee728b)
Start importing Assets/AppleCatcher using Guid(d5936754f69c1c74d81c64e32f9342e4) Importer(815301076,1909f56bfc062723c751e8b465ee728b)  -> (artifact id: 'c72ff3cc80212077880775040b6bb8e4') in 0.011959 seconds 
========================================================================
Received Import Request.
  Time since last request: 0.000424 seconds.
  path: Assets/AppleCatcher/Title Logo.png
  artifactKey: Guid(88b857670369eaa49945617f3c3e59bd) Importer(815301076,1909f56bfc062723c751e8b465ee728b)
Start importing Assets/AppleCatcher/Title Logo.png using Guid(88b857670369eaa49945617f3c3e59bd) Importer(815301076,1909f56bfc062723c751e8b465ee728b)  -> (artifact id: 'd204c932a1b2d57f0adb8df484e4cb0f') in 0.134054 seconds 
========================================================================
Received Import Request.
  Time since last request: 0.000535 seconds.
  path: Assets/AppleCatcher/Sounds
  artifactKey: Guid(b829a9643e8a353499290333516bdeec) Importer(815301076,1909f56bfc062723c751e8b465ee728b)
Start importing Assets/AppleCatcher/Sounds using Guid(b829a9643e8a353499290333516bdeec) Importer(815301076,1909f56bfc062723c751e8b465ee728b)  -> (artifact id: '0a7c083bb9da65614441802c4d3e8a3d') in 0.010257 seconds 
========================================================================
Received Import Request.
  Time since last request: 0.000806 seconds.
  path: Assets/BrickBreaker/Scenes
  artifactKey: Guid(ebfdc151a2971b74a9fc9b1374c33a51) Importer(815301076,1909f56bfc062723c751e8b465ee728b)
Start importing Assets/BrickBreaker/Scenes using Guid(ebfdc151a2971b74a9fc9b1374c33a51) Importer(815301076,1909f56bfc062723c751e8b465ee728b)  -> (artifact id: '47179bbb5d68b117c24efe25504c780e') in 0.005103 seconds 
========================================================================
Received Import Request.
  Time since last request: 0.000387 seconds.
  path: Assets/BrickBreaker/Scenes/BrickBreaker.unity
  artifactKey: Guid(2cda990e2423bbf4892e6590ba056729) Importer(815301076,1909f56bfc062723c751e8b465ee728b)
Start importing Assets/BrickBreaker/Scenes/BrickBreaker.unity using Guid(2cda990e2423bbf4892e6590ba056729) Importer(815301076,1909f56bfc062723c751e8b465ee728b)  -> (artifact id: '0de924b53f34163041c50062d564efe8') in 0.005515 seconds 
========================================================================
Received Import Request.
  Time since last request: 0.000445 seconds.
  path: Assets/BrickBreaker/Walls.physicsMaterial2D
  artifactKey: Guid(8aeab965550086247a9a2674f8b85021) Importer(815301076,1909f56bfc062723c751e8b465ee728b)
Start importing Assets/BrickBreaker/Walls.physicsMaterial2D using Guid(8aeab965550086247a9a2674f8b85021) Importer(815301076,1909f56bfc062723c751e8b465ee728b)  -> (artifact id: '7679ce02090e563361a5e80aca6bf163') in 0.012865 seconds 
========================================================================
Received Import Request.
  Time since last request: 0.000447 seconds.
  path: Assets/AppleCatcher/panier.png
  artifactKey: Guid(052589fecd5013f4db43933bcb931a39) Importer(815301076,1909f56bfc062723c751e8b465ee728b)
Start importing Assets/AppleCatcher/panier.png using Guid(052589fecd5013f4db43933bcb931a39) Importer(815301076,1909f56bfc062723c751e8b465ee728b)  -> (artifact id: 'de196cb8ef0164fbff30e71a89f21b4c') in 0.089872 seconds 
========================================================================
Received Import Request.
  Time since last request: 0.000307 seconds.
  path: Assets/BrickBreaker/Brick GreyScale.png
  artifactKey: Guid(d13e13762314bc94aaec6ec7fb57b0fe) Importer(815301076,1909f56bfc062723c751e8b465ee728b)
Start importing Assets/BrickBreaker/Brick GreyScale.png using Guid(d13e13762314bc94aaec6ec7fb57b0fe) Importer(815301076,1909f56bfc062723c751e8b465ee728b)  -> (artifact id: '542201e9e613282308adcdedeb357a61') in 0.028543 seconds 
========================================================================
Received Import Request.
  Time since last request: 0.000467 seconds.
  path: Assets/BrickBreaker/Wall Piece.png
  artifactKey: Guid(cad36ce42dc82774f89e88fe2e019538) Importer(815301076,1909f56bfc062723c751e8b465ee728b)
Start importing Assets/BrickBreaker/Wall Piece.png using Guid(cad36ce42dc82774f89e88fe2e019538) Importer(815301076,1909f56bfc062723c751e8b465ee728b)  -> (artifact id: 'b45b3bea0cbb48345892e18ed2e64eda') in 0.032643 seconds 
========================================================================
Received Import Request.
  Time since last request: 0.000386 seconds.
  path: Assets/AppleCatcher/Scripts
  artifactKey: Guid(4ce10b24f1490ce4aaa2aaa7d255f6bf) Importer(815301076,1909f56bfc062723c751e8b465ee728b)
Start importing Assets/AppleCatcher/Scripts using Guid(4ce10b24f1490ce4aaa2aaa7d255f6bf) Importer(815301076,1909f56bfc062723c751e8b465ee728b)  -> (artifact id: '60dc3b0618751bc5edf8fedd2b8e0a0a') in 0.010212 seconds 
========================================================================
Received Import Request.
  Time since last request: 0.000645 seconds.
  path: Assets/BrickBreaker/Space2.png
  artifactKey: Guid(06e6081c90d07224ab0a9b521e9a115e) Importer(815301076,1909f56bfc062723c751e8b465ee728b)
Start importing Assets/BrickBreaker/Space2.png using Guid(06e6081c90d07224ab0a9b521e9a115e) Importer(815301076,1909f56bfc062723c751e8b465ee728b)  -> (artifact id: '6dfa8801d21ba4810d4ddf5c7bf7d17a') in 0.033735 seconds 
========================================================================
Received Import Request.
  Time since last request: 307.224949 seconds.
  path: Assets/TextMesh Pro
  artifactKey: Guid(21de34b7b6e0a9b4aaa59cc91606a550) Importer(815301076,1909f56bfc062723c751e8b465ee728b)
Start importing Assets/TextMesh Pro using Guid(21de34b7b6e0a9b4aaa59cc91606a550) Importer(815301076,1909f56bfc062723c751e8b465ee728b)  -> (artifact id: '25571295bb8e514a2fcb85c29aec5f09') in 0.010103 seconds 
========================================================================
Received Prepare
Refreshing native plugins compatible for Editor in 2.97 ms, found 3 plugins.
Preloading 0 native plugins for Editor in 0.00 ms.
Unloading 18 Unused Serialized files (Serialized files now loaded: 0)
System memory in use before: 57.9 MB.
System memory in use after: 57.8 MB.

Unloading 18 unused Assets to reduce memory usage. Loaded Objects now: 2675.
Total: 5.637400 ms (FindLiveObjects: 0.205300 ms CreateObjectMapping: 0.137900 ms MarkObjects: 5.041400 ms  DeleteObjects: 0.251300 ms)

AssetImportParameters requested are different than current active one (requested -> active):
  custom:framework-win-MediaFoundation: 216162199b28c13a410421893ffa2e32 -> 
  custom:video-decoder-ogg-theora: a1e56fd34408186e4bbccfd4996cb3dc -> 
  custom:container-muxer-webm: aa71ff27fc2769a1b78a27578f13a17b -> 
  custom:container-demuxer-webm: 4f35f7cbe854078d1ac9338744f61a02 -> 
  custom:container-demuxer-ogg: 62fdf1f143b41e24485cea50d1cbac27 -> 
  custom:video-encoder-webm-vp8: eb34c28f22e8b96e1ab97ce403110664 -> 
  custom:video-decoder-webm-vp8: 9c59270c3fd7afecdb556c50c9e8de78 -> 
  custom:audio-decoder-ogg-vorbis: bf7c407c2cedff20999df2af8eb42d56 -> 
  custom:audio-encoder-webm-vorbis: bf7c407c2cedff20999df2af8eb42d56 -> 
========================================================================
Received Import Request.
  Time since last request: 7.833772 seconds.
  path: Assets/MainMenu
  artifactKey: Guid(f782c875ae35df844ae8c9f6fa8c247c) Importer(815301076,1909f56bfc062723c751e8b465ee728b)
Start importing Assets/MainMenu using Guid(f782c875ae35df844ae8c9f6fa8c247c) Importer(815301076,1909f56bfc062723c751e8b465ee728b)  -> (artifact id: '838130adc1ffa5b29f794b24fa474e2a') in 0.007776 seconds 
========================================================================
Received Import Request.
  Time since last request: 12.044885 seconds.
  path: Assets/MainMenu/MainMenu.unity
  artifactKey: Guid(4ace4216f4a4b1b4ea862f6c4f05ea2b) Importer(815301076,1909f56bfc062723c751e8b465ee728b)
Start importing Assets/MainMenu/MainMenu.unity using Guid(4ace4216f4a4b1b4ea862f6c4f05ea2b) Importer(815301076,1909f56bfc062723c751e8b465ee728b)  -> (artifact id: 'b18375c8ebfd1fb48195a3a7cc0ca2f5') in 0.012618 seconds 
========================================================================
Received Import Request.
  Time since last request: 110.908698 seconds.
  path: Assets/MainMenu/Scene
  artifactKey: Guid(fb4b2c390b03fdd469b2ceff4e2d6dad) Importer(815301076,1909f56bfc062723c751e8b465ee728b)
Start importing Assets/MainMenu/Scene using Guid(fb4b2c390b03fdd469b2ceff4e2d6dad) Importer(815301076,1909f56bfc062723c751e8b465ee728b)  -> (artifact id: 'a6f3bbc174c1b02b18f9c5be085b7fb3') in 0.010632 seconds 
========================================================================
Received Import Request.
  Time since last request: 17.316127 seconds.
  path: Assets/MainMenu/fond-hexagonal-fonce-degrade-couleur_79603-1410.webp
  artifactKey: Guid(6f0307d22bc923246aa64e3894c0b710) Importer(815301076,1909f56bfc062723c751e8b465ee728b)
Start importing Assets/MainMenu/fond-hexagonal-fonce-degrade-couleur_79603-1410.webp using Guid(6f0307d22bc923246aa64e3894c0b710) Importer(815301076,1909f56bfc062723c751e8b465ee728b)  -> (artifact id: 'cdd6baed101727c392c00c6c86857809') in 0.019282 seconds 
========================================================================
Received Import Request.
  Time since last request: 5.816967 seconds.
  path: Assets/MainMenu/BackGround.webp
  artifactKey: Guid(6f0307d22bc923246aa64e3894c0b710) Importer(815301076,1909f56bfc062723c751e8b465ee728b)
Start importing Assets/MainMenu/BackGround.webp using Guid(6f0307d22bc923246aa64e3894c0b710) Importer(815301076,1909f56bfc062723c751e8b465ee728b)  -> (artifact id: '5b51b3e67ed7d4c6994d9899619ac215') in 0.010740 seconds 
========================================================================
Received Import Request.
  Time since last request: 69.944751 seconds.
  path: Assets/MainMenu/5053309.jpg
  artifactKey: Guid(615db8e830706c04bab74d2955656aba) Importer(815301076,1909f56bfc062723c751e8b465ee728b)
Start importing Assets/MainMenu/5053309.jpg using Guid(615db8e830706c04bab74d2955656aba) Importer(815301076,1909f56bfc062723c751e8b465ee728b)  -> (artifact id: 'af4a7dc87812c62309ade61a94d4fdd9') in 0.081192 seconds 
========================================================================
Received Import Request.
  Time since last request: 8.924930 seconds.
  path: Assets/MainMenu/BackGround.jpg
  artifactKey: Guid(615db8e830706c04bab74d2955656aba) Importer(815301076,1909f56bfc062723c751e8b465ee728b)
Start importing Assets/MainMenu/BackGround.jpg using Guid(615db8e830706c04bab74d2955656aba) Importer(815301076,1909f56bfc062723c751e8b465ee728b)  -> (artifact id: 'da9b16466e34bbc17ab857bf8c7019a8') in 0.068221 seconds 
========================================================================
Received Prepare
Registering precompiled user dll's ...
Registered in 0.093652 seconds.
Begin MonoManager ReloadAssembly
Native extension for WindowsStandalone target not found
Refreshing native plugins compatible for Editor in 0.52 ms, found 3 plugins.
Preloading 0 native plugins for Editor in 0.00 ms.
Mono: successfully reloaded assembly
- Completed reload, in  3.277 seconds
Domain Reload Profiling:
	ReloadAssembly (3277ms)
		BeginReloadAssembly (250ms)
			ExecutionOrderSort (0ms)
			DisableScriptedObjects (7ms)
			BackupInstance (0ms)
			ReleaseScriptingObjects (0ms)
			CreateAndSetChildDomain (51ms)
		EndReloadAssembly (2949ms)
			LoadAssemblies (2080ms)
			RebuildTransferFunctionScriptingTraits (0ms)
			SetupTypeCache (415ms)
			ReleaseScriptCaches (2ms)
			RebuildScriptCaches (53ms)
			SetupLoadedEditorAssemblies (379ms)
				LogAssemblyErrors (0ms)
				InitializePlatformSupportModulesInManaged (5ms)
				SetLoadedEditorAssemblies (1ms)
				RefreshPlugins (1ms)
				BeforeProcessingInitializeOnLoad (106ms)
				ProcessInitializeOnLoadAttributes (235ms)
				ProcessInitializeOnLoadMethodAttributes (24ms)
				AfterProcessingInitializeOnLoad (7ms)
				EditorAssembliesLoaded (0ms)
			ExecutionOrderSort2 (0ms)
			AwakeInstancesAfterBackupRestoration (5ms)
Platform modules already initialized, skipping
Refreshing native plugins compatible for Editor in 1.75 ms, found 3 plugins.
Preloading 0 native plugins for Editor in 0.00 ms.
Unloading 2207 Unused Serialized files (Serialized files now loaded: 0)
System memory in use before: 101.2 MB.
System memory in use after: 101.2 MB.

Unloading 20 unused Assets to reduce memory usage. Loaded Objects now: 2680.
Total: 4.073400 ms (FindLiveObjects: 0.305200 ms CreateObjectMapping: 0.175300 ms MarkObjects: 3.440600 ms  DeleteObjects: 0.150900 ms)

AssetImportParameters requested are different than current active one (requested -> active):
  custom:framework-win-MediaFoundation: 216162199b28c13a410421893ffa2e32 -> 
  custom:video-decoder-ogg-theora: a1e56fd34408186e4bbccfd4996cb3dc -> 
  custom:container-muxer-webm: aa71ff27fc2769a1b78a27578f13a17b -> 
  custom:container-demuxer-webm: 4f35f7cbe854078d1ac9338744f61a02 -> 
  custom:container-demuxer-ogg: 62fdf1f143b41e24485cea50d1cbac27 -> 
  custom:video-encoder-webm-vp8: eb34c28f22e8b96e1ab97ce403110664 -> 
  custom:video-decoder-webm-vp8: 9c59270c3fd7afecdb556c50c9e8de78 -> 
  custom:audio-decoder-ogg-vorbis: bf7c407c2cedff20999df2af8eb42d56 -> 
  custom:audio-encoder-webm-vorbis: bf7c407c2cedff20999df2af8eb42d56 -> 
========================================================================
Received Prepare
Registering precompiled user dll's ...
Registered in 0.002837 seconds.
Begin MonoManager ReloadAssembly
Native extension for WindowsStandalone target not found
Refreshing native plugins compatible for Editor in 0.54 ms, found 3 plugins.
Preloading 0 native plugins for Editor in 0.00 ms.
Mono: successfully reloaded assembly
- Completed reload, in  1.171 seconds
Domain Reload Profiling:
	ReloadAssembly (1172ms)
		BeginReloadAssembly (136ms)
			ExecutionOrderSort (0ms)
			DisableScriptedObjects (7ms)
			BackupInstance (0ms)
			ReleaseScriptingObjects (0ms)
			CreateAndSetChildDomain (41ms)
		EndReloadAssembly (957ms)
			LoadAssemblies (113ms)
			RebuildTransferFunctionScriptingTraits (0ms)
			SetupTypeCache (340ms)
			ReleaseScriptCaches (1ms)
			RebuildScriptCaches (51ms)
			SetupLoadedEditorAssemblies (351ms)
				LogAssemblyErrors (0ms)
				InitializePlatformSupportModulesInManaged (5ms)
				SetLoadedEditorAssemblies (1ms)
				RefreshPlugins (1ms)
				BeforeProcessingInitializeOnLoad (98ms)
				ProcessInitializeOnLoadAttributes (220ms)
				ProcessInitializeOnLoadMethodAttributes (18ms)
				AfterProcessingInitializeOnLoad (7ms)
				EditorAssembliesLoaded (0ms)
			ExecutionOrderSort2 (0ms)
			AwakeInstancesAfterBackupRestoration (5ms)
Platform modules already initialized, skipping
Refreshing native plugins compatible for Editor in 0.57 ms, found 3 plugins.
Preloading 0 native plugins for Editor in 0.00 ms.
Unloading 2207 Unused Serialized files (Serialized files now loaded: 0)
System memory in use before: 101.3 MB.
System memory in use after: 101.2 MB.

Unloading 20 unused Assets to reduce memory usage. Loaded Objects now: 2683.
Total: 3.649700 ms (FindLiveObjects: 0.199100 ms CreateObjectMapping: 0.095800 ms MarkObjects: 3.159100 ms  DeleteObjects: 0.194700 ms)

AssetImportParameters requested are different than current active one (requested -> active):
  custom:framework-win-MediaFoundation: 216162199b28c13a410421893ffa2e32 -> 
  custom:video-decoder-ogg-theora: a1e56fd34408186e4bbccfd4996cb3dc -> 
  custom:container-muxer-webm: aa71ff27fc2769a1b78a27578f13a17b -> 
  custom:container-demuxer-webm: 4f35f7cbe854078d1ac9338744f61a02 -> 
  custom:container-demuxer-ogg: 62fdf1f143b41e24485cea50d1cbac27 -> 
  custom:video-encoder-webm-vp8: eb34c28f22e8b96e1ab97ce403110664 -> 
  custom:video-decoder-webm-vp8: 9c59270c3fd7afecdb556c50c9e8de78 -> 
  custom:audio-decoder-ogg-vorbis: bf7c407c2cedff20999df2af8eb42d56 -> 
  custom:audio-encoder-webm-vorbis: bf7c407c2cedff20999df2af8eb42d56 -> 
========================================================================
Received Import Request.
  Time since last request: 967.670480 seconds.
  path: Assets/TextMesh Pro/Fonts
  artifactKey: Guid(d3e6840bf7944854784dd7889cc8d6bf) Importer(815301076,1909f56bfc062723c751e8b465ee728b)
Start importing Assets/TextMesh Pro/Fonts using Guid(d3e6840bf7944854784dd7889cc8d6bf) Importer(815301076,1909f56bfc062723c751e8b465ee728b)  -> (artifact id: '482efa75dfcfb31e177b3b2776a00b03') in 0.014224 seconds 
========================================================================
Received Import Request.
  Time since last request: 0.000827 seconds.
  path: Assets/TextMesh Pro/Fonts/LiberationSans.ttf
  artifactKey: Guid(e3265ab4bf004d28a9537516768c1c75) Importer(815301076,1909f56bfc062723c751e8b465ee728b)
Start importing Assets/TextMesh Pro/Fonts/LiberationSans.ttf using Guid(e3265ab4bf004d28a9537516768c1c75) Importer(815301076,1909f56bfc062723c751e8b465ee728b)  -> (artifact id: 'bdddd331c3f1b7826858a8d92db67e39') in 0.332116 seconds 
========================================================================
Received Import Request.
  Time since last request: 11.606660 seconds.
  path: Assets/TextMesh Pro/Fonts/Dofont-Text-Effect.psd
  artifactKey: Guid(3d306b1708956eb41b055a36d3698b0e) Importer(815301076,1909f56bfc062723c751e8b465ee728b)
Start importing Assets/TextMesh Pro/Fonts/Dofont-Text-Effect.psd using Guid(3d306b1708956eb41b055a36d3698b0e) Importer(815301076,1909f56bfc062723c751e8b465ee728b)  -> (artifact id: 'c6748c1aad2cdc7799e4a602012b32a4') in 0.096561 seconds 
========================================================================
Received Import Request.
  Time since last request: 36.752481 seconds.
  path: Assets/BrickBreaker/Fonts/Future Earth v2 SDF.asset
  artifactKey: Guid(11ad0b14aeb9621489b3637e73f19510) Importer(815301076,1909f56bfc062723c751e8b465ee728b)
Start importing Assets/BrickBreaker/Fonts/Future Earth v2 SDF.asset using Guid(11ad0b14aeb9621489b3637e73f19510) Importer(815301076,1909f56bfc062723c751e8b465ee728b)  -> (artifact id: 'b354404a843b27bc77f9e1b979ff369a') in 0.407949 seconds 
========================================================================
Received Import Request.
  Time since last request: 0.000269 seconds.
  path: Assets/TextMesh Pro/Resources/Fonts & Materials/LiberationSans SDF - Fallback.asset
  artifactKey: Guid(2e498d1c8094910479dc3e1b768306a4) Importer(815301076,1909f56bfc062723c751e8b465ee728b)
Start importing Assets/TextMesh Pro/Resources/Fonts & Materials/LiberationSans SDF - Fallback.asset using Guid(2e498d1c8094910479dc3e1b768306a4) Importer(815301076,1909f56bfc062723c751e8b465ee728b)  -> (artifact id: 'b8c2210586957436df79bf961aeff06e') in 0.102531 seconds 
========================================================================
Received Import Request.
  Time since last request: 0.000274 seconds.
  path: Assets/TextMesh Pro/Resources/Fonts & Materials/LiberationSans SDF.asset
  artifactKey: Guid(8f586378b4e144a9851e7b34d9b748ee) Importer(815301076,1909f56bfc062723c751e8b465ee728b)
Start importing Assets/TextMesh Pro/Resources/Fonts & Materials/LiberationSans SDF.asset using Guid(8f586378b4e144a9851e7b34d9b748ee) Importer(815301076,1909f56bfc062723c751e8b465ee728b)  -> (artifact id: 'f1280cc7be10b532b2897fc8654f95d3') in 0.129872 seconds 
========================================================================
Received Import Request.
  Time since last request: 23.770052 seconds.
  path: Assets/TextMesh Pro/Resources/Fonts & Materials/LiberationSans SDF - Drop Shadow.mat
  artifactKey: Guid(e73a58f6e2794ae7b1b7e50b7fb811b0) Importer(815301076,1909f56bfc062723c751e8b465ee728b)
Start importing Assets/TextMesh Pro/Resources/Fonts & Materials/LiberationSans SDF - Drop Shadow.mat using Guid(e73a58f6e2794ae7b1b7e50b7fb811b0) Importer(815301076,1909f56bfc062723c751e8b465ee728b)  -> (artifact id: 'ca0d2861f60500f05bd29199894f7bb5') in 0.230344 seconds 
========================================================================
Received Import Request.
  Time since last request: 0.000301 seconds.
  path: Assets/TextMesh Pro/Resources/Fonts & Materials/LiberationSans SDF - Outline.mat
  artifactKey: Guid(79459efec17a4d00a321bdcc27bbc385) Importer(815301076,1909f56bfc062723c751e8b465ee728b)
Start importing Assets/TextMesh Pro/Resources/Fonts & Materials/LiberationSans SDF - Outline.mat using Guid(79459efec17a4d00a321bdcc27bbc385) Importer(815301076,1909f56bfc062723c751e8b465ee728b)  -> (artifact id: '289988fcecf3b00d1602f8d2b589f7dd') in 0.149144 seconds 
========================================================================
Received Import Request.
  Time since last request: 87.800203 seconds.
  path: Assets/TextMesh Pro/Resources
  artifactKey: Guid(06cf4426a7bb01c4cac8509b12f4efcc) Importer(815301076,1909f56bfc062723c751e8b465ee728b)
Start importing Assets/TextMesh Pro/Resources using Guid(06cf4426a7bb01c4cac8509b12f4efcc) Importer(815301076,1909f56bfc062723c751e8b465ee728b)  -> (artifact id: '719a1d76d62cb8d3e8f3646ce304b723') in 0.161959 seconds 
========================================================================
Received Import Request.
  Time since last request: 0.001102 seconds.
  path: Assets/TextMesh Pro/Resources/TMP Settings.asset
  artifactKey: Guid(3f5b5dff67a942289a9defa416b206f3) Importer(815301076,1909f56bfc062723c751e8b465ee728b)
Start importing Assets/TextMesh Pro/Resources/TMP Settings.asset using Guid(3f5b5dff67a942289a9defa416b206f3) Importer(815301076,1909f56bfc062723c751e8b465ee728b)  -> (artifact id: '80217e6c75f9d2e4957cbc8093faaf48') in 0.303851 seconds 
========================================================================
Received Import Request.
  Time since last request: 467.812377 seconds.
  path: Assets/MainMenu/Monoton-Regular.ttf
  artifactKey: Guid(1cb18d6f57c2f574dad11219d4a7100a) Importer(815301076,1909f56bfc062723c751e8b465ee728b)
Start importing Assets/MainMenu/Monoton-Regular.ttf using Guid(1cb18d6f57c2f574dad11219d4a7100a) Importer(815301076,1909f56bfc062723c751e8b465ee728b)  -> (artifact id: 'd89f5ad881a86af59848bb38edc114da') in 0.070877 seconds 
========================================================================
Received Import Request.
  Time since last request: 29.144296 seconds.
  path: Assets/Monoton-Regular.ttf
  artifactKey: Guid(441708dfca1595145b4ce3a5df5cf911) Importer(815301076,1909f56bfc062723c751e8b465ee728b)
Start importing Assets/Monoton-Regular.ttf using Guid(441708dfca1595145b4ce3a5df5cf911) Importer(815301076,1909f56bfc062723c751e8b465ee728b)  -> (artifact id: 'dfc6d70b72d3b173d25b6dfdde2b9080') in 0.021247 seconds 
========================================================================
Received Prepare
Registering precompiled user dll's ...
Registered in 0.771607 seconds.
Begin MonoManager ReloadAssembly
Native extension for WindowsStandalone target not found
Refreshing native plugins compatible for Editor in 0.66 ms, found 3 plugins.
Preloading 0 native plugins for Editor in 0.00 ms.
Mono: successfully reloaded assembly
- Completed reload, in 15.875 seconds
Domain Reload Profiling:
	ReloadAssembly (15882ms)
		BeginReloadAssembly (8216ms)
			ExecutionOrderSort (0ms)
			DisableScriptedObjects (70ms)
			BackupInstance (0ms)
			ReleaseScriptingObjects (0ms)
			CreateAndSetChildDomain (335ms)
		EndReloadAssembly (7583ms)
			LoadAssemblies (11976ms)
			RebuildTransferFunctionScriptingTraits (0ms)
			SetupTypeCache (1450ms)
			ReleaseScriptCaches (2ms)
			RebuildScriptCaches (53ms)
			SetupLoadedEditorAssemblies (1636ms)
				LogAssemblyErrors (0ms)
				InitializePlatformSupportModulesInManaged (6ms)
				SetLoadedEditorAssemblies (1ms)
				RefreshPlugins (1ms)
				BeforeProcessingInitializeOnLoad (112ms)
				ProcessInitializeOnLoadAttributes (421ms)
				ProcessInitializeOnLoadMethodAttributes (1088ms)
				AfterProcessingInitializeOnLoad (7ms)
				EditorAssembliesLoaded (0ms)
			ExecutionOrderSort2 (0ms)
			AwakeInstancesAfterBackupRestoration (5ms)
Platform modules already initialized, skipping
Refreshing native plugins compatible for Editor in 0.69 ms, found 3 plugins.
Preloading 0 native plugins for Editor in 0.00 ms.
Unloading 2207 Unused Serialized files (Serialized files now loaded: 0)
System memory in use before: 101.8 MB.
System memory in use after: 101.8 MB.

Unloading 20 unused Assets to reduce memory usage. Loaded Objects now: 2726.
Total: 5.790800 ms (FindLiveObjects: 0.290600 ms CreateObjectMapping: 0.201500 ms MarkObjects: 4.921600 ms  DeleteObjects: 0.373900 ms)

AssetImportParameters requested are different than current active one (requested -> active):
  custom:framework-win-MediaFoundation: 216162199b28c13a410421893ffa2e32 -> 
  custom:video-decoder-ogg-theora: a1e56fd34408186e4bbccfd4996cb3dc -> 
  custom:container-muxer-webm: aa71ff27fc2769a1b78a27578f13a17b -> 
  custom:container-demuxer-webm: 4f35f7cbe854078d1ac9338744f61a02 -> 
  custom:container-demuxer-ogg: 62fdf1f143b41e24485cea50d1cbac27 -> 
  custom:video-encoder-webm-vp8: eb34c28f22e8b96e1ab97ce403110664 -> 
  custom:video-decoder-webm-vp8: 9c59270c3fd7afecdb556c50c9e8de78 -> 
  custom:audio-decoder-ogg-vorbis: bf7c407c2cedff20999df2af8eb42d56 -> 
  custom:audio-encoder-webm-vorbis: bf7c407c2cedff20999df2af8eb42d56 -> 
AssetImportWorkerClient::OnTransportError - code=2 error=End of file
